2016-12-13 00:00:00  /paimai/admin/index.php?act=setting&op=base
2016-12-13 00:00:04  /paimai/admin/index.php?act=account&op=qq
2016-12-13 00:00:04  /paimai/admin/index.php?act=setting&op=base
2016-12-13 00:00:12  /paimai/admin/index.php?act=account&op=qq
2016-12-13 00:00:19  /paimai/admin/index.php?act=account&op=qq
2016-12-13 00:00:23  /paimai/admin/index.php?act=upload&op=param
2016-12-13 00:00:23  /paimai/admin/index.php?act=account&op=qq
2016-12-13 00:00:28  /paimai/admin/index.php?act=upload&op=param
2016-12-13 00:00:31  /paimai/admin/index.php?act=setting&op=seo
2016-12-13 00:00:45  /paimai/admin/index.php?act=setting&op=seo_update
2016-12-13 00:00:47  /paimai/admin/index.php?act=setting&op=seo
2016-12-13 00:00:57  /paimai/admin/index.php?act=setting&op=seo_update
2016-12-13 00:00:59  /paimai/admin/index.php?act=setting&op=seo
2016-12-13 00:01:00  /paimai/admin/index.php?act=setting&op=seo
2016-12-13 00:01:08  /paimai/admin/index.php?act=setting&op=seo_update
2016-12-13 00:01:10  /paimai/admin/index.php?act=setting&op=seo
2016-12-13 00:01:11  /paimai/admin/index.php?act=setting&op=seo
2016-12-13 00:01:20  /paimai/admin/index.php?act=message&op=email
2016-12-13 00:01:37  /paimai/admin/index.php?act=message&op=email
2016-12-13 00:01:40  /paimai/admin/index.php?act=message&op=email
2016-12-13 00:01:40  /paimai/admin/index.php?act=message&op=email
2016-12-13 00:01:42  /paimai/admin/index.php?act=message&op=mobile
2016-12-13 00:01:51  /paimai/admin/index.php?act=message&op=mobile
2016-12-13 00:01:54  /paimai/admin/index.php?act=message&op=mobile
2016-12-13 00:01:54  /paimai/admin/index.php?act=message&op=mobile
2016-12-13 00:01:55  /paimai/admin/index.php?act=message&op=mobile
2016-12-13 00:02:04  /paimai/admin/index.php?act=message&op=seller_tpl
2016-12-13 00:02:08  /paimai/admin/index.php?act=message&op=email_tpl
2016-12-13 00:02:10  /paimai/admin/index.php?act=message&op=member_tpl
2016-12-13 00:02:17  /paimai/admin/index.php?act=message&op=seller_tpl
2016-12-13 00:02:26  /paimai/admin/index.php
2016-12-13 00:04:38  /paimai/admin/index.php?act=message&op=member_tpl
2016-12-13 00:04:43  /paimai/admin/index.php?act=message&op=seller_tpl
2016-12-13 00:05:49  /paimai/admin/index.php?act=payment&op=system
2016-12-13 00:05:56  /paimai/admin/index.php?act=payment&op=edit&payment_id=2
2016-12-13 00:06:09  /paimai/admin/index.php?act=payment&op=edit&payment_id=2
2016-12-13 00:06:11  /paimai/admin/index.php?act=payment&op=index
2016-12-13 00:06:16  /paimai/admin/index.php?act=payment&op=edit&payment_id=3
2016-12-13 00:06:21  /paimai/admin/index.php?act=payment&op=edit&payment_id=3
2016-12-13 00:06:23  /paimai/admin/index.php?act=payment&op=index
2016-12-13 00:06:25  /paimai/admin/index.php?act=payment&op=index
2016-12-13 00:06:30  /paimai/admin/index.php?act=payment&op=edit&payment_id=4
2016-12-13 00:06:37  /paimai/admin/index.php?act=payment&op=edit&payment_id=4
2016-12-13 00:06:39  /paimai/admin/index.php?act=payment&op=index
2016-12-13 00:06:42  /paimai/admin/index.php?act=payment&op=edit&payment_id=6
2016-12-13 00:06:49  /paimai/admin/index.php?act=payment&op=edit&payment_id=6
2016-12-13 00:06:51  /paimai/admin/index.php?act=payment&op=index
2016-12-13 00:06:53  /paimai/admin/index.php?act=payment&op=index
2016-12-13 00:06:57  /paimai/admin/index.php?act=payment&op=edit&payment_id=7
2016-12-13 00:07:18  /paimai/admin/index.php?act=payment&op=edit&payment_id=7
2016-12-13 00:07:20  /paimai/admin/index.php?act=payment&op=index
2016-12-13 00:07:24  /paimai/admin/index.php?act=payment&op=edit&payment_id=8
2016-12-13 00:07:30  /paimai/admin/index.php?act=payment&op=edit&payment_id=8
2016-12-13 00:07:32  /paimai/admin/index.php?act=payment&op=index
2016-12-13 00:07:36  /paimai/admin/index.php?act=payment&op=edit&payment_id=9
2016-12-13 00:07:39  /paimai/admin/index.php?act=admin&op=admin
2016-12-13 00:07:44  /paimai/admin/index.php?act=express&op=index
2016-12-13 00:07:46  /paimai/admin/index.php?act=waybill&op=waybill_list
2016-12-13 00:07:50  /paimai/admin/index.php?act=offpay_area&op=index
2016-12-13 00:07:55  /paimai/admin/index.php?act=cache&op=clear
2016-12-13 00:07:58  /paimai/admin/index.php?act=cache&op=clear
2016-12-13 00:08:03  /paimai/admin/index.php?act=cache&op=clear
2016-12-13 00:08:03  /paimai/admin/index.php?act=db&op=db
2016-12-13 00:08:05  /paimai/admin/index.php?act=perform&op=perform
2016-12-13 00:08:08  /paimai/admin/index.php?act=search&op=search
2016-12-13 00:08:11  /paimai/admin/index.php?act=admin_log&op=list
2016-12-13 00:08:14  /paimai/admin/index.php?act=goods_class&op=goods_class
2016-12-13 00:08:18  /paimai/admin/index.php?act=goods&op=goods
2016-12-13 00:08:53  /paimai/admin/index.php?act=goods&op=goods
2016-12-13 00:09:35  /paimai/admin/index.php?act=store&op=store
2016-12-13 00:09:54  /paimai/admin/index.php?act=store&op=del&id=2156&member_id=606262
2016-12-13 00:10:08  /paimai/admin/index.php?act=store&op=del&id=2157&member_id=606216
2016-12-13 00:10:21  /paimai/admin/index.php?act=store&op=store
2016-12-13 00:10:22  /paimai/admin/index.php?act=store&op=store
2016-12-13 00:10:23  /paimai/admin/index.php?act=store&op=store
2016-12-13 00:10:27  /paimai/admin/index.php?act=store&op=store&curpage=205
2016-12-13 00:14:21  /paimai/admin/index.php?act=store&op=store
2016-12-13 00:14:24  /paimai/admin/index.php?act=store&op=store
2016-12-13 00:14:26  /paimai/admin/index.php?act=ownshop&op=list
2016-12-13 00:14:30  /paimai/admin/index.php?act=domain&op=store_domain_setting
2016-12-13 00:14:33  /paimai/admin/index.php?act=domain&op=store_domain_list
2016-12-13 00:14:40  /paimai/admin/index.php?act=goods_class&op=goods_class
2016-12-13 00:14:44  /paimai/admin/index.php?act=goods&op=goods
2016-12-13 00:15:00  /paimai/admin/index.php?act=goods&op=goods&curpage=3587
2016-12-13 00:15:49  /paimai/admin/index.php?act=goods&op=goods
2016-12-13 00:16:20  /paimai/admin/index.php?act=goods_album&op=list
2016-12-13 00:16:27  /paimai/admin/index.php?act=operation&op=setting
2016-12-13 00:16:31  /paimai/admin/index.php?act=push_user_gift&op=index
2016-12-13 00:16:36  /paimai/admin/index.php?act=groupbuy&op=groupbuy_template_list
2016-12-13 00:16:51  /paimai/admin/index.php?act=stat_general&op=general
2016-12-13 00:16:59  /paimai/admin/index.php?act=questions&op=homepage
2016-12-13 00:17:03  /paimai/admin/index.php?act=questions&op=homepage
2016-12-13 00:17:11  /paimai/admin/index.php?act=questions&op=homepage
2016-12-13 00:19:05  /paimai/admin/index.php?act=questions&op=homepage
2016-12-13 00:19:49  /paimai/admin/index.php?act=questions&op=integral
2016-12-13 00:19:51  /paimai/admin/index.php?act=questions&op=homepage
2016-12-13 00:21:44  /paimai/admin/index.php?act=flea_index&op=flea_index
2016-12-13 00:21:51  /paimai/admin/index.php?act=mb_special&op=index_edit
2016-12-13 00:21:58  /paimai/admin/index.php?act=mb_payment&op=mb_payment
2016-12-13 00:22:03  /paimai/admin/index.php?act=mb_payment&op=payment_edit&payment_id=2
2016-12-13 00:22:12  /paimai/admin/index.php?act=mb_payment&op=payment_save
2016-12-13 00:22:15  /paimai/admin/index.php?act=mb_payment&op=payment_list
2016-12-13 00:22:16  /paimai/admin/index.php?act=mb_payment&op=payment_list
2016-12-13 00:22:19  /paimai/admin/index.php?act=mb_payment&op=payment_edit&payment_id=3
2016-12-13 00:22:25  /paimai/admin/index.php?act=mb_payment&op=payment_save
2016-12-13 00:22:28  /paimai/admin/index.php?act=mb_payment&op=payment_list
2016-12-13 00:22:29  /paimai/admin/index.php?act=mb_payment&op=payment_list
2016-12-13 00:22:33  /paimai/admin/index.php?act=mb_payment&op=payment_edit&payment_id=4
2016-12-13 00:22:38  /paimai/admin/index.php?act=mb_payment&op=payment_save
2016-12-13 00:22:41  /paimai/admin/index.php?act=mb_payment&op=payment_list
2016-12-13 00:22:42  /paimai/admin/index.php?act=mb_payment&op=payment_list
2016-12-13 00:22:45  /paimai/admin/index.php?act=mb_payment&op=payment_edit&payment_id=1
2016-12-13 00:22:56  /paimai/admin/index.php?act=mb_payment&op=payment_save
2016-12-13 00:22:59  /paimai/admin/index.php?act=mb_payment&op=payment_list
2016-12-13 00:23:00  /paimai/admin/index.php?act=mb_payment&op=payment_list
2016-12-13 00:23:02  /paimai/admin/index.php?act=mb_yishujia&op=index_edit
2016-12-13 00:23:13  /paimai/admin/index.php?act=mb_YiShuJia&op=special_item_del
2016-12-13 00:23:15  /paimai/admin/index.php?act=mb_YiShuJia&op=special_item_del
2016-12-13 00:23:19  /paimai/admin/index.php?act=mb_YiShuJia&op=special_item_del
2016-12-13 00:23:22  /paimai/admin/index.php?act=mb_YiShuJia&op=special_item_del
2016-12-13 00:23:25  /paimai/admin/index.php?act=mb_YiShuJia&op=special_item_del
2016-12-13 00:23:30  /paimai/admin/index.php?act=mb_YiShuJia&op=special_item_del
2016-12-13 00:23:35  /paimai/admin/index.php?act=microshop&op=manage
2016-12-13 00:23:38  /paimai/admin/index.php?act=cms_manage&op=cms_manage
2016-12-13 00:23:42  /paimai/admin/index.php?act=circle_setting&op=index
2016-12-13 00:23:47  /paimai/admin/index.php?act=questions&op=homepage
2016-12-13 00:25:20  /paimai/admin/index.php?act=questions&op=homepage
2016-12-13 00:25:22  /paimai/admin/index.php?act=questions&op=integral
2016-12-13 00:25:46  /paimai/admin/index.php?act=questions&op=homepage
2016-12-13 00:27:10  /paimai/admin/index.php?act=questions&op=homepage
2016-12-13 00:27:13  /paimai/admin/index.php?act=questions&op=integral
2016-12-13 00:27:18  /paimai/admin/index.php?act=questions&op=search
2016-12-13 00:27:25  /paimai/admin/index.php?act=questions&op=homepage
2016-12-13 00:28:03  /paimai/admin/index.php?act=questions&op=rectification
2016-12-13 00:28:08  /paimai/admin/index.php?act=questions&op=updates
2016-12-13 00:28:15  /paimai/admin/index.php?act=questions&op=homepage
2016-12-13 00:28:18  /paimai/admin/index.php?act=questions&op=integral
2016-12-13 00:28:22  /paimai/admin/index.php?act=questions&op=user
2016-12-13 00:30:58  /paimai/tzxy/
2016-12-13 00:33:01  /paimai/tzxy/
2016-12-13 00:33:03  /paimai/tzxy/SHOP_RESOURCE_SITE_URL/js/compare.js
2016-12-13 00:34:02  /paimai/admin/index.php?act=cms_manage&op=cms_manage
2016-12-13 00:34:06  /paimai/admin/index.php?act=cms_index&op=cms_index
2016-12-13 00:34:30  /paimai/admin/index.php?act=cms_manage&op=cms_manage
2016-12-13 00:34:35  /paimai/admin/index.php?act=setting&op=base
2016-12-13 00:34:38  /paimai/admin/index.php?act=setting&op=seo
2016-12-13 00:34:53  /paimai/admin/index.php?act=cms_manage&op=cms_manage
2016-12-13 00:35:02  /paimai/admin/index.php?act=cms_index&op=cms_index
2016-12-13 00:35:06  /paimai/admin/index.php?act=cms_article&op=cms_article_list
2016-12-13 00:35:38  /paimai/tzxy/
2016-12-13 00:47:48  /paimai/tzxy/
2016-12-13 00:47:51  /paimai/tzxy/SHOP_RESOURCE_SITE_URL/js/compare.js
2016-12-13 00:49:36  /paimai/admin/index.php?act=setting&op=base
2016-12-13 00:57:30  /paimai/tzxy/
2016-12-13 00:57:32  /paimai/tzxy/SHOP_RESOURCE_SITE_URL/js/compare.js
2016-12-13 01:00:07  /paimai/admin/index.php?act=setting&op=base
2016-12-13 01:00:12  /paimai/admin/index.php?act=setting&op=base
2016-12-13 01:00:13  /paimai/admin/index.php?act=setting&op=base
2016-12-13 01:32:18  /paimai/
2016-12-13 01:32:30  /paimai/shop/templates/default/images/home_bg211.png
2016-12-13 01:32:38  /paimai/admin/index.php?act=article_class&op=article_class
2016-12-13 01:32:44  /paimai/admin/index.php?act=web_config&op=web_config
2016-12-13 01:32:50  /paimai/admin/index.php?act=web_config&op=web_edit&web_id=1
2016-12-13 01:32:54  /paimai/admin/index.php?act=web_config&op=web_edit&web_id=1
2016-12-13 01:32:56  /paimai/admin/index.php?act=web_config&op=web_config
2016-12-13 01:32:58  /paimai/admin/index.php?act=web_config&op=web_config
2016-12-13 01:33:01  /paimai/admin/index.php?act=web_config&op=web_edit&web_id=7
2016-12-13 01:33:04  /paimai/admin/index.php?act=web_config&op=web_edit&web_id=7
2016-12-13 01:33:07  /paimai/admin/index.php?act=web_config&op=web_config
2016-12-13 01:33:08  /paimai/admin/index.php?act=web_config&op=web_config
2016-12-13 01:33:12  /paimai/admin/index.php?act=web_config&op=web_edit&web_id=6
2016-12-13 01:33:15  /paimai/admin/index.php?act=web_config&op=web_edit&web_id=6
2016-12-13 01:33:17  /paimai/admin/index.php?act=web_config&op=web_config
2016-12-13 01:33:20  /paimai/admin/index.php?act=web_config&op=web_edit&web_id=5
2016-12-13 01:33:23  /paimai/admin/index.php?act=web_config&op=web_edit&web_id=5
2016-12-13 01:33:26  /paimai/admin/index.php?act=web_config&op=web_config
2016-12-13 01:33:27  /paimai/admin/index.php?act=web_config&op=web_config
2016-12-13 01:33:30  /paimai/admin/index.php?act=web_config&op=web_edit&web_id=3
2016-12-13 01:33:34  /paimai/admin/index.php?act=web_config&op=web_edit&web_id=3
2016-12-13 01:33:36  /paimai/admin/index.php?act=web_config&op=web_config
2016-12-13 01:33:37  /paimai/admin/index.php?act=web_config&op=web_config
2016-12-13 01:33:42  /paimai/
2016-12-13 01:33:46  /paimai/shop/templates/default/images/home_bg211.png
2016-12-13 01:33:56  /paimai/admin/index.php?act=web_config&op=canyu_edit&web_id=122
2016-12-13 01:34:16  /paimai/admin/index.php?act=artist&op=artist
2016-12-13 01:34:25  /paimai/admin/index.php?act=artist&op=artist&curpage=40
2016-12-13 01:34:32  /paimai/admin/index.php?act=artist&op=del_artist
2016-12-13 01:34:34  /paimai/admin/index.php?act=artist&op=artist&curpage=40
2016-12-13 01:34:35  /paimai/admin/index.php?act=artist&op=artist&curpage=40
2016-12-13 01:34:40  /paimai/admin/index.php?act=artist&op=del_artist
2016-12-13 01:34:42  /paimai/admin/index.php?act=artist&op=artist&curpage=40
2016-12-13 01:34:43  /paimai/admin/index.php?act=artist&op=artist&curpage=40
2016-12-13 01:34:46  /paimai/admin/index.php?act=artist&op=del_artist
2016-12-13 01:34:49  /paimai/admin/index.php?act=artist&op=artist&curpage=40
2016-12-13 01:34:50  /paimai/admin/index.php?act=artist&op=artist&curpage=40
2016-12-13 01:34:55  /paimai/admin/index.php?act=artist&op=del_artist
2016-12-13 01:34:57  /paimai/admin/index.php?act=artist&op=artist&curpage=40
2016-12-13 01:34:58  /paimai/admin/index.php?act=artist&op=artist&curpage=40
2016-12-13 01:35:02  /paimai/admin/index.php?act=artist&op=del_artist
2016-12-13 01:35:04  /paimai/admin/index.php?act=artist&op=artist&curpage=40
2016-12-13 01:35:08  /paimai/admin/index.php?act=artist&op=del_artist
2016-12-13 01:35:10  /paimai/admin/index.php?act=artist&op=artist&curpage=40
2016-12-13 01:35:14  /paimai/admin/index.php?act=artist&op=del_artist
2016-12-13 01:35:16  /paimai/admin/index.php?act=artist&op=artist&curpage=40
2016-12-13 01:35:21  /paimai/admin/index.php?act=artist&op=del_artist
2016-12-13 01:35:24  /paimai/admin/index.php?act=artist&op=artist&curpage=40
2016-12-13 01:35:25  /paimai/admin/index.php?act=artist&op=artist&curpage=40
2016-12-13 01:35:26  /paimai/admin/index.php?act=artist_web&op=artist_web
2016-12-13 01:35:29  /paimai/admin/index.php?act=artist&op=artist
2016-12-13 01:35:36  /paimai/admin/index.php?act=artist&op=artist&type=webArtist&A_Id=789
2016-12-13 01:35:52  /paimai/admin/index.php?act=artist&op=artist&curpage=32
2016-12-13 01:35:57  /paimai/admin/index.php?act=artist&op=del_artist
2016-12-13 01:36:00  /paimai/admin/index.php?act=artist&op=artist&curpage=32
2016-12-13 01:36:01  /paimai/admin/index.php?act=artist&op=artist&curpage=32
2016-12-13 01:36:03  /paimai/admin/index.php?act=link&op=link
2016-12-13 01:36:07  /paimai/admin/index.php?act=artist_web&op=artist_web
2016-12-13 01:36:10  /paimai/admin/index.php?act=artist&op=artist
2016-12-13 01:36:14  /paimai/admin/index.php?act=artist&op=del_artist
2016-12-13 01:36:16  /paimai/admin/index.php?act=artist&op=artist
2016-12-13 01:36:18  /paimai/admin/index.php?act=artist&op=artist
2016-12-13 01:38:44  /paimai/admin/index.php?act=artist&op=artist
2016-12-13 01:38:49  /paimai/admin/index.php?act=adv&op=ap_manage
2016-12-13 01:38:56  /paimai/admin/index.php?act=operation&op=setting
2016-12-13 01:39:00  /paimai/admin/index.php?act=bill&op=index
2016-12-13 01:40:00  /paimai/admin/index.php?act=bill&op=index
2016-12-13 01:40:57  /paimai/admin/index.php?act=bill&op=index
2016-12-13 01:44:30  /paimai/admin/index.php?act=miaosha&op=miaosha_template_list
2016-12-13 01:44:34  /paimai/admin/index.php?act=vr_bill&op=index
2016-12-13 01:44:36  /paimai/admin/index.php?act=category&op=index
2016-12-13 01:44:42  /paimai/admin/index.php?act=bill&op=index
2016-12-13 01:44:45  /paimai/admin/index.php?act=bill&op=index
2016-12-13 01:44:48  /paimai/admin/index.php?act=lepai&op=index
2016-12-13 01:44:50  /paimai/admin/index.php?act=miaosha&op=miaosha_template_list
2016-12-13 01:44:53  /paimai/admin/index.php?act=groupbuy&op=groupbuy_template_list
2016-12-13 01:45:04  /paimai/admin/index.php?act=groupbuy&op=groupbuy_template_list&curpage=251
2016-12-13 01:45:31  /paimai/admin/index.php?act=groupbuy&op=groupbuy_template_list&curpage=251
2016-12-13 01:46:12  /paimai/admin/index.php?act=groupbuy&op=groupbuy_template_list
2016-12-13 01:46:24  /paimai/admin/index.php?act=toupiao&op=index
2016-12-13 01:47:12  /paimai/admin/index.php?act=toupiao&op=index
2016-12-13 01:47:25  /paimai/admin/index.php?act=toupiao&op=shenqing_list
2016-12-13 01:47:29  /paimai/admin/index.php?act=operation&op=setting
2016-12-13 01:47:36  /paimai/admin/index.php?act=vipsale&op=vipsale_template_list
2016-12-13 01:47:41  /paimai/admin/index.php?act=promotion&op=index
2016-12-13 01:47:52  /paimai/admin/index.php?act=zhuantiad&op=index
2016-12-13 01:47:58  /paimai/admin/index.php?act=zhuantiad&op=del&d_id=1
2016-12-13 01:48:01  /paimai/admin/index.php?act=zhuantiad&op=index
2016-12-13 01:48:03  /paimai/admin/index.php?act=zhuantiad&op=index
2016-12-13 01:48:07  /paimai/admin/index.php?act=questions&op=homepage
2016-12-13 01:50:15  /paimai/admin/index.php
2016-12-13 01:50:17  /paimai/admin/index.php?act=zhuantiad&op=index
