2016-12-12 23:26:04  /paimai/
2016-12-12 23:29:45  /paimai/
2016-12-12 23:29:49  /paimai/shop/templates/default/images/home_bg211.png
2016-12-12 23:30:03  /paimai/shop/index.php?act=cart&op=ajax_load&callback=jQuery182005816179122844889_1481556586946&_=1481556603291
2016-12-12 23:31:50  /paimai/m/
2016-12-12 23:31:54  /paimai/
2016-12-12 23:31:55  /paimai/m/index.php?act=index&op=shopMtel
2016-12-12 23:31:56  /paimai/
2016-12-12 23:31:57  /paimai/m/
2016-12-12 23:31:58  /paimai/m/
2016-12-12 23:32:00  /paimai/m/
2016-12-12 23:32:01  /paimai/m/
2016-12-12 23:32:03  /paimai/m/
2016-12-12 23:32:04  /paimai/m/
2016-12-12 23:32:06  /paimai/m/
2016-12-12 23:32:07  /paimai/m/
2016-12-12 23:32:08  /paimai/m/
2016-12-12 23:32:10  /paimai/m/index.php?act=vip&op=index
2016-12-12 23:32:14  /paimai/m/
2016-12-12 23:32:15  /paimai/m/
2016-12-12 23:32:17  /paimai/m/
2016-12-12 23:32:18  /paimai/m/
2016-12-12 23:32:20  /paimai/m/
2016-12-12 23:32:21  /paimai/m/
2016-12-12 23:32:23  /paimai/m/
2016-12-12 23:32:24  /paimai/m/
2016-12-12 23:32:26  /paimai/m/
2016-12-12 23:32:27  /paimai/m/
2016-12-12 23:32:28  /paimai/m/
2016-12-12 23:32:30  /paimai/m/
2016-12-12 23:32:31  /paimai/m/
2016-12-12 23:32:32  /paimai/m/
2016-12-12 23:32:34  /paimai/m/index.php?act=vip&op=index
2016-12-12 23:32:35  /paimai/m/
2016-12-12 23:32:36  /paimai/m/
2016-12-12 23:32:37  /paimai/m/
2016-12-12 23:32:39  /paimai/m/
2016-12-12 23:32:40  /paimai/m/
2016-12-12 23:32:41  /paimai/m/
2016-12-12 23:32:43  /paimai/m/
2016-12-12 23:32:44  /paimai/m/
2016-12-12 23:32:45  /paimai/m/
2016-12-12 23:32:47  /paimai/m/
2016-12-12 23:32:48  /paimai/m/
2016-12-12 23:32:49  /paimai/m/
2016-12-12 23:32:50  /paimai/m/
2016-12-12 23:32:52  /paimai/m/
2016-12-12 23:32:53  /paimai/m/
2016-12-12 23:32:54  /paimai/m/
2016-12-12 23:32:56  /paimai/m/
2016-12-12 23:32:57  /paimai/m/
2016-12-12 23:32:58  /paimai/m/
2016-12-12 23:32:59  /paimai/m/
2016-12-12 23:33:01  /paimai/m/
2016-12-12 23:33:02  /paimai/m/
2016-12-12 23:33:03  /paimai/m/
2016-12-12 23:33:05  /paimai/m/
2016-12-12 23:33:06  /paimai/m/
2016-12-12 23:33:08  /paimai/m/
2016-12-12 23:33:09  /paimai/m/
2016-12-12 23:33:10  /paimai/m/
2016-12-12 23:33:12  /paimai/m/
2016-12-12 23:33:13  /paimai/m/
2016-12-12 23:33:14  /paimai/m/
2016-12-12 23:33:15  /paimai/m/
2016-12-12 23:33:17  /paimai/m/
2016-12-12 23:33:18  /paimai/m/
2016-12-12 23:33:19  /paimai/m/
2016-12-12 23:33:20  /paimai/m/
2016-12-12 23:33:22  /paimai/m/
2016-12-12 23:33:23  /paimai/m/
2016-12-12 23:33:24  /paimai/m/
2016-12-12 23:33:26  /paimai/m/
2016-12-12 23:33:27  /paimai/m/
2016-12-12 23:33:28  /paimai/m/
2016-12-12 23:33:30  /paimai/m/
2016-12-12 23:33:31  /paimai/m/
2016-12-12 23:33:32  /paimai/m/
2016-12-12 23:33:34  /paimai/m/
2016-12-12 23:33:35  /paimai/m/
2016-12-12 23:33:36  /paimai/m/
2016-12-12 23:33:37  /paimai/m/
2016-12-12 23:33:39  /paimai/m/
2016-12-12 23:33:40  /paimai/m/
2016-12-12 23:33:41  /paimai/m/
2016-12-12 23:33:43  /paimai/m/
2016-12-12 23:33:44  /paimai/m/
2016-12-12 23:33:45  /paimai/m/
2016-12-12 23:33:47  /paimai/m/
2016-12-12 23:33:48  /paimai/m/
2016-12-12 23:33:50  /paimai/m/
2016-12-12 23:33:51  /paimai/m/
2016-12-12 23:33:52  /paimai/m/
2016-12-12 23:33:54  /paimai/m/
2016-12-12 23:33:55  /paimai/m/
2016-12-12 23:33:56  /paimai/m/
2016-12-12 23:33:58  /paimai/m/
2016-12-12 23:33:59  /paimai/m/
2016-12-12 23:34:00  /paimai/m/
2016-12-12 23:34:01  /paimai/m/index.php?act=group_buy&op=index
2016-12-12 23:34:05  /paimai/m/
2016-12-12 23:34:07  /paimai/m/
2016-12-12 23:34:08  /paimai/m/
2016-12-12 23:34:10  /paimai/m/
2016-12-12 23:34:11  /paimai/m/
2016-12-12 23:34:12  /paimai/m/
2016-12-12 23:34:14  /paimai/m/
2016-12-12 23:34:15  /paimai/m/
2016-12-12 23:34:16  /paimai/m/
2016-12-12 23:34:18  /paimai/m/
2016-12-12 23:34:19  /paimai/m/
2016-12-12 23:34:20  /paimai/m/
2016-12-12 23:34:22  /paimai/m/
2016-12-12 23:34:23  /paimai/m/
2016-12-12 23:34:24  /paimai/m/
2016-12-12 23:34:26  /paimai/m/
2016-12-12 23:34:27  /paimai/m/
2016-12-12 23:34:28  /paimai/m/
2016-12-12 23:34:30  /paimai/m/
2016-12-12 23:34:31  /paimai/m/
2016-12-12 23:34:32  /paimai/m/
2016-12-12 23:34:34  /paimai/m/
2016-12-12 23:34:35  /paimai/m/
2016-12-12 23:34:36  /paimai/m/
2016-12-12 23:34:38  /paimai/m/
2016-12-12 23:34:39  /paimai/m/
2016-12-12 23:34:40  /paimai/m/
2016-12-12 23:34:41  /paimai/m/
2016-12-12 23:34:43  /paimai/m/
2016-12-12 23:34:44  /paimai/m/
2016-12-12 23:34:45  /paimai/
2016-12-12 23:34:45  /paimai/m/
2016-12-12 23:34:47  /paimai/m/
2016-12-12 23:34:49  /paimai/m/
2016-12-12 23:34:50  /paimai/m/
2016-12-12 23:34:52  /paimai/m/index.php?act=group_buy&op=index
2016-12-12 23:34:53  /paimai/m/
2016-12-12 23:34:54  /paimai/m/
2016-12-12 23:34:56  /paimai/m/
2016-12-12 23:34:57  /paimai/m/
2016-12-12 23:34:58  /paimai/m/
2016-12-12 23:35:00  /paimai/m/
2016-12-12 23:35:01  /paimai/m/
2016-12-12 23:35:02  /paimai/m/
2016-12-12 23:35:04  /paimai/shop/templates/default/images/home_bg211.png
2016-12-12 23:36:47  /paimai/m/
2016-12-12 23:36:49  /paimai/
2016-12-12 23:36:49  /paimai/m/index.php?act=index&op=shopMtel
2016-12-12 23:36:51  /paimai/m/
2016-12-12 23:36:52  /paimai/m/
2016-12-12 23:36:54  /paimai/m/
2016-12-12 23:36:55  /paimai/m/
2016-12-12 23:36:56  /paimai/m/
2016-12-12 23:36:58  /paimai/m/
2016-12-12 23:36:59  /paimai/m/
2016-12-12 23:37:01  /paimai/m/
2016-12-12 23:37:02  /paimai/m/
2016-12-12 23:37:03  /paimai/m/
2016-12-12 23:37:05  /paimai/m/
2016-12-12 23:37:06  /paimai/m/
2016-12-12 23:37:08  /paimai/m/
2016-12-12 23:37:09  /paimai/m/
2016-12-12 23:37:11  /paimai/m/
2016-12-12 23:37:12  /paimai/m/
2016-12-12 23:37:13  /paimai/m/
2016-12-12 23:37:15  /paimai/m/
2016-12-12 23:37:17  /paimai/m/
2016-12-12 23:37:18  /paimai/m/
2016-12-12 23:37:19  /paimai/m/
2016-12-12 23:37:21  /paimai/m/
2016-12-12 23:37:22  /paimai/m/
2016-12-12 23:37:24  /paimai/m/
2016-12-12 23:37:25  /paimai/m/
2016-12-12 23:37:26  /paimai/m/
2016-12-12 23:37:28  /paimai/m/
2016-12-12 23:37:29  /paimai/m/
2016-12-12 23:37:31  /paimai/m/
2016-12-12 23:37:32  /paimai/m/
2016-12-12 23:37:34  /paimai/m/
2016-12-12 23:37:35  /paimai/m/
2016-12-12 23:37:36  /paimai/m/
2016-12-12 23:37:38  /paimai/m/
2016-12-12 23:37:39  /paimai/m/
2016-12-12 23:37:41  /paimai/m/
2016-12-12 23:37:42  /paimai/m/
2016-12-12 23:37:44  /paimai/m/
2016-12-12 23:37:46  /paimai/m/
2016-12-12 23:37:47  /paimai/m/
2016-12-12 23:37:48  /paimai/m/
2016-12-12 23:37:50  /paimai/m/
2016-12-12 23:37:51  /paimai/m/
2016-12-12 23:37:53  /paimai/m/
2016-12-12 23:37:54  /paimai/m/
2016-12-12 23:37:56  /paimai/m/
2016-12-12 23:37:58  /paimai/m/
2016-12-12 23:38:00  /paimai/m/
2016-12-12 23:38:01  /paimai/m/
2016-12-12 23:38:03  /paimai/m/
2016-12-12 23:38:04  /paimai/m/
2016-12-12 23:38:06  /paimai/m/
2016-12-12 23:38:07  /paimai/m/
2016-12-12 23:38:08  /paimai/m/
2016-12-12 23:38:10  /paimai/m/
2016-12-12 23:38:11  /paimai/m/
2016-12-12 23:38:13  /paimai/m/
2016-12-12 23:38:14  /paimai/m/
2016-12-12 23:38:16  /paimai/m/
2016-12-12 23:38:17  /paimai/m/
2016-12-12 23:38:18  /paimai/m/
2016-12-12 23:38:20  /paimai/m/
2016-12-12 23:38:21  /paimai/m/
2016-12-12 23:38:23  /paimai/m/
2016-12-12 23:38:24  /paimai/m/
2016-12-12 23:38:26  /paimai/m/
2016-12-12 23:38:27  /paimai/m/
2016-12-12 23:38:29  /paimai/m/
2016-12-12 23:38:30  /paimai/m/
2016-12-12 23:38:32  /paimai/m/
2016-12-12 23:38:33  /paimai/m/
2016-12-12 23:38:34  /paimai/m/
2016-12-12 23:38:36  /paimai/m/
2016-12-12 23:38:37  /paimai/m/
2016-12-12 23:38:38  /paimai/m/
2016-12-12 23:38:40  /paimai/m/
2016-12-12 23:38:41  /paimai/m/
2016-12-12 23:38:42  /paimai/m/
2016-12-12 23:38:44  /paimai/m/
2016-12-12 23:38:45  /paimai/m/
2016-12-12 23:38:46  /paimai/m/
2016-12-12 23:38:47  /paimai/m/
2016-12-12 23:38:49  /paimai/m/
2016-12-12 23:38:50  /paimai/m/
2016-12-12 23:38:52  /paimai/m/
2016-12-12 23:38:53  /paimai/m/
2016-12-12 23:38:54  /paimai/m/
2016-12-12 23:38:56  /paimai/m/
2016-12-12 23:38:57  /paimai/m/
2016-12-12 23:38:58  /paimai/m/
2016-12-12 23:39:00  /paimai/m/
2016-12-12 23:39:01  /paimai/
2016-12-12 23:39:01  /paimai/m/index.php?act=index&op=shopMtel
2016-12-12 23:39:03  /paimai/m/
2016-12-12 23:39:04  /paimai/m/
2016-12-12 23:39:05  /paimai/m/
2016-12-12 23:39:07  /paimai/m/
2016-12-12 23:39:08  /paimai/m/
2016-12-12 23:39:09  /paimai/m/
2016-12-12 23:39:11  /paimai/m/
2016-12-12 23:39:12  /paimai/m/
2016-12-12 23:39:13  /paimai/m/
2016-12-12 23:39:15  /paimai/m/
2016-12-12 23:39:16  /paimai/m/
2016-12-12 23:39:17  /paimai/m/
2016-12-12 23:39:19  /paimai/m/
2016-12-12 23:39:20  /paimai/m/
2016-12-12 23:39:21  /paimai/m/
2016-12-12 23:39:23  /paimai/m/
2016-12-12 23:39:24  /paimai/m/
2016-12-12 23:39:26  /paimai/m/
2016-12-12 23:39:27  /paimai/m/
2016-12-12 23:39:29  /paimai/m/
2016-12-12 23:39:30  /paimai/m/
2016-12-12 23:39:31  /paimai/m/
2016-12-12 23:39:33  /paimai/m/
2016-12-12 23:39:34  /paimai/m/
2016-12-12 23:39:36  /paimai/m/
2016-12-12 23:39:37  /paimai/m/
2016-12-12 23:39:39  /paimai/m/
2016-12-12 23:39:40  /paimai/m/
2016-12-12 23:39:42  /paimai/m/
2016-12-12 23:39:43  /paimai/m/
2016-12-12 23:39:44  /paimai/m/
2016-12-12 23:39:46  /paimai/m/
2016-12-12 23:39:47  /paimai/m/
2016-12-12 23:39:49  /paimai/m/
2016-12-12 23:39:50  /paimai/m/
2016-12-12 23:39:52  /paimai/m/
2016-12-12 23:39:53  /paimai/m/
2016-12-12 23:39:54  /paimai/m/
2016-12-12 23:39:56  /paimai/m/
2016-12-12 23:39:57  /paimai/m/
2016-12-12 23:39:59  /paimai/m/
2016-12-12 23:40:00  /paimai/m/
2016-12-12 23:40:01  /paimai/m/
2016-12-12 23:40:03  /paimai/m/
2016-12-12 23:40:04  /paimai/m/
2016-12-12 23:40:05  /paimai/m/
2016-12-12 23:40:07  /paimai/m/
2016-12-12 23:40:08  /paimai/m/
2016-12-12 23:40:09  /paimai/m/
2016-12-12 23:40:11  /paimai/m/
2016-12-12 23:40:12  /paimai/m/
2016-12-12 23:40:13  /paimai/m/
2016-12-12 23:40:15  /paimai/m/
2016-12-12 23:40:16  /paimai/m/
2016-12-12 23:40:17  /paimai/m/
2016-12-12 23:40:19  /paimai/m/
2016-12-12 23:40:20  /paimai/m/
2016-12-12 23:40:22  /paimai/m/
2016-12-12 23:40:23  /paimai/m/
2016-12-12 23:40:24  /paimai/m/
2016-12-12 23:40:26  /paimai/m/
2016-12-12 23:40:27  /paimai/m/
2016-12-12 23:40:28  /paimai/m/
2016-12-12 23:40:30  /paimai/m/
2016-12-12 23:40:31  /paimai/m/
2016-12-12 23:40:32  /paimai/m/
2016-12-12 23:40:33  /paimai/m/
2016-12-12 23:40:35  /paimai/m/
2016-12-12 23:40:36  /paimai/m/
2016-12-12 23:40:37  /paimai/m/
2016-12-12 23:40:39  /paimai/m/
2016-12-12 23:40:40  /paimai/m/
2016-12-12 23:40:41  /paimai/m/
2016-12-12 23:40:43  /paimai/m/
2016-12-12 23:40:44  /paimai/m/
2016-12-12 23:40:46  /paimai/m/
2016-12-12 23:40:47  /paimai/m/
2016-12-12 23:40:48  /paimai/m/
2016-12-12 23:40:50  /paimai/m/
2016-12-12 23:40:51  /paimai/m/
2016-12-12 23:40:52  /paimai/m/
2016-12-12 23:40:54  /paimai/m/
2016-12-12 23:40:55  /paimai/m/
2016-12-12 23:40:56  /paimai/m/
2016-12-12 23:40:57  /paimai/m/
2016-12-12 23:40:59  /paimai/m/
2016-12-12 23:41:00  /paimai/m/
2016-12-12 23:41:01  /paimai/m/
2016-12-12 23:41:02  /paimai/m/
2016-12-12 23:41:04  /paimai/m/
2016-12-12 23:41:05  /paimai/m/
2016-12-12 23:41:06  /paimai/m/
2016-12-12 23:41:08  /paimai/m/
2016-12-12 23:41:09  /paimai/
2016-12-12 23:41:09  /paimai/m/
2016-12-12 23:41:10  /paimai/m/index.php?act=lepai&op=index
2016-12-12 23:41:44  /paimai/
2016-12-12 23:41:56  /paimai/m/index.php?act=member&op=home
2016-12-12 23:42:00  /paimai/m/index.php?act=login&op=index
2016-12-12 23:47:04  /paimai/
2016-12-12 23:47:06  /paimai/shop/templates/default/images/home_bg211.png
2016-12-12 23:47:30  /paimai/
2016-12-12 23:47:34  /paimai/shop/templates/default/images/home_bg211.png
2016-12-12 23:48:57  /paimai/admin/
2016-12-12 23:48:57  /paimai/admin/index.php?act=login&op=login
2016-12-12 23:48:58  /paimai/admin/index.php?act=seccode&op=makecode&admin=1&nchash=6abe3f35
2016-12-12 23:51:54  /paimai/admin/index.php?act=login&op=login
2016-12-12 23:51:57  /paimai/admin/index.php?act=login&op=login
2016-12-12 23:51:58  /paimai/admin/index.php?act=seccode&op=makecode&admin=1&nchash=6abe3f35
2016-12-12 23:52:10  /paimai/admin/index.php?act=login&op=login
2016-12-12 23:52:13  /paimai/admin/index.php?act=login&op=login
2016-12-12 23:52:13  /paimai/admin/index.php?act=seccode&op=makecode&admin=1&nchash=6abe3f35
2016-12-12 23:53:30  /paimai/admin/index.php?act=login&op=login
2016-12-12 23:53:34  /paimai/admin/index.php?act=login&op=login
2016-12-12 23:53:35  /paimai/admin/index.php?act=seccode&op=makecode&admin=1&nchash=6abe3f35
2016-12-12 23:55:02  /paimai/admin/index.php?act=login&op=login
2016-12-12 23:55:05  /paimai/admin/index.php?act=login&op=login
2016-12-12 23:55:06  /paimai/admin/index.php?act=seccode&op=makecode&admin=1&nchash=6abe3f35
2016-12-12 23:55:23  /paimai/admin/index.php?act=login&op=login
2016-12-12 23:55:37  /paimai/admin/index.php?act=login&op=login
2016-12-12 23:55:40  /paimai/admin/index.php?act=login&op=login
2016-12-12 23:55:41  /paimai/admin/index.php?act=login&op=login
2016-12-12 23:55:41  /paimai/admin/index.php?act=seccode&op=makecode&admin=1&nchash=6abe3f35
2016-12-12 23:55:51  /paimai/admin/index.php?act=login&op=login
2016-12-12 23:56:27  /paimai/admin/index.php?act=login&op=login
2016-12-12 23:56:28  /paimai/admin/index.php?act=login&op=login
2016-12-12 23:56:29  /paimai/admin/index.php?act=seccode&op=makecode&admin=1&nchash=6abe3f35
2016-12-12 23:56:39  /paimai/admin/index.php?act=login&op=login
2016-12-12 23:56:40  /paimai/admin/index.php
2016-12-12 23:56:41  /paimai/admin/index.php?act=dashboard&op=welcome
2016-12-12 23:56:43  /paimai/admin/index.php?act=dashboard&op=statistics
2016-12-12 23:57:38  /paimai/admin/index.php?act=setting&op=base
2016-12-12 23:57:47  /paimai/admin/index.php?act=setting&op=base
2016-12-12 23:57:48  /paimai/admin/index.php?act=account&op=qq
2016-12-12 23:57:50  /paimai/admin/index.php?act=setting&op=base
2016-12-12 23:57:59  /paimai/admin/index.php
2016-12-12 23:57:59  /paimai/admin/index.php?act=login&op=login
2016-12-12 23:58:08  /paimai/admin/index.php?act=seccode&op=makecode&admin=1&nchash=6abe3f35
2016-12-12 23:58:46  /paimai/admin/index.php?act=login&op=login
2016-12-12 23:58:47  /paimai/admin/index.php
2016-12-12 23:58:48  /paimai/admin/index.php?act=dashboard&op=welcome
2016-12-12 23:58:49  /paimai/admin/index.php?act=dashboard&op=statistics
2016-12-12 23:59:20  /paimai/admin/index.php?act=setting&op=base
2016-12-12 23:59:21  /paimai/admin/index.php?act=account&op=qq
2016-12-12 23:59:22  /paimai/admin/index.php?act=setting&op=base
