2017-01-24 10:24:32  /paimai/
2017-01-24 10:24:37  /paimai/shop/templates/default/images/home_bg211.png
2017-01-24 10:25:04  /paimai/admin/
2017-01-24 10:25:04  /paimai/admin/index.php?act=login&op=login
2017-01-24 10:25:05  /paimai/admin/index.php?act=seccode&op=makecode&admin=1&nchash=6abe3f35
2017-01-24 10:25:17  /paimai/admin/index.php?act=login&op=login
2017-01-24 10:25:21  /paimai/admin/index.php?act=login&op=login
2017-01-24 10:25:22  /paimai/admin/index.php?act=seccode&op=makecode&admin=1&nchash=6abe3f35
2017-01-24 10:25:47  /paimai/admin/index.php?act=login&op=login
2017-01-24 10:25:48  /paimai/
2017-01-24 10:25:50  /paimai/shop/templates/default/images/home_bg211.png
2017-01-24 10:28:00  /paimai/
2017-01-24 10:28:03  /paimai/shop/templates/default/images/home_bg211.png
2017-01-24 10:28:04  /paimai/admin/
2017-01-24 10:28:04  /paimai/admin/index.php?act=login&op=login
2017-01-24 10:28:05  /paimai/admin/index.php?act=seccode&op=makecode&admin=1&nchash=6abe3f35
2017-01-24 10:28:11  /paimai/admin/
2017-01-24 10:28:11  /paimai/admin/index.php?act=login&op=login
2017-01-24 10:28:11  /paimai/admin/index.php?act=seccode&op=makecode&admin=1&nchash=6abe3f35
2017-01-24 10:28:27  /paimai/admin/index.php?act=login&op=login
2017-01-24 10:28:29  /paimai/admin/index.php?act=login&op=login
2017-01-24 10:28:30  /paimai/admin/index.php?act=seccode&op=makecode&admin=1&nchash=6abe3f35
2017-01-24 10:28:42  /paimai/admin/index.php?act=login&op=login
2017-01-24 10:28:44  /paimai/admin/index.php?act=login&op=login
2017-01-24 10:28:45  /paimai/admin/index.php?act=seccode&op=makecode&admin=1&nchash=6abe3f35
2017-01-24 10:29:13  /paimai/admin/index.php?act=login&op=login
2017-01-24 10:29:13  /paimai/admin/index.php
2017-01-24 10:29:14  /paimai/admin/index.php?act=dashboard&op=welcome
2017-01-24 10:29:14  /paimai/admin/index.php?act=dashboard&op=statistics
2017-01-24 10:29:52  /paimai/admin/index.php?act=article_class&op=article_class
2017-01-24 10:29:52  /paimai/admin/index.php?act=goods_class&op=goods_class
2017-01-24 10:29:52  /paimai/admin/index.php?act=operation&op=setting
2017-01-24 10:30:20  /paimai/admin/index.php?act=push_user_gift&op=index
2017-01-24 10:30:31  /paimai/admin/index.php?act=lepai&op=index
2017-01-24 10:30:39  /paimai/admin/index.php?act=mb_special&op=index_edit
2017-01-24 17:01:08  /paimai/lepai/index.php
2017-01-24 17:02:53  /paimai/lepai/index.php
2017-01-24 17:12:20  /paimai/lepai/index.php
