2017-10-15 18:45:37  /paimai/
2017-10-15 19:56:47  /paimai/
2017-10-15 19:56:49  /paimai/shop/templates/default/images/home_bg211.png
2017-10-15 19:57:13  /paimai/
2017-10-15 19:57:13  /paimai/shop/templates/default/images/home_bg211.png
2017-10-15 19:57:49  /paimai/admin/
2017-10-15 19:57:49  /paimai/admin/index.php?act=login&op=login
2017-10-15 19:57:50  /paimai/admin/index.php?act=seccode&op=makecode&admin=1&nchash=6abe3f35
2017-10-15 19:57:55  /paimai/admin/index.php?act=login&op=login
2017-10-15 19:59:04  /paimai/admin/index.php?act=login&op=login
2017-10-15 19:59:06  /paimai/admin/index.php?act=login&op=login
2017-10-15 19:59:06  /paimai/admin/index.php?act=seccode&op=makecode&admin=1&nchash=6abe3f35
2017-10-15 19:59:10  /paimai/admin/index.php?act=login&op=login
2017-10-15 20:01:34  /paimai/admin/index.php?act=login&op=login
2017-10-15 20:01:44  /paimai/admin/index.php?act=seccode&op=makecode&admin=1&nchash=6abe3f35&t=0.9489381199084892
2017-10-15 20:01:49  /paimai/admin/index.php?act=login&op=login
2017-10-15 20:49:34  /paimai/admin/index.php?act=login&op=login
2017-10-15 20:49:35  /paimai/admin/index.php?act=login&op=login
2017-10-15 20:49:36  /paimai/admin/index.php?act=seccode&op=makecode&admin=1&nchash=6abe3f35
2017-10-15 20:49:41  /paimai/admin/index.php?act=login&op=login
2017-10-15 20:52:11  /paimai/index.php
2017-10-15 20:52:14  /paimai/shop/templates/default/images/home_bg211.png
2017-10-15 20:52:18  /paimai/shop/index.php?act=cart&op=ajax_load&callback=jQuery182006402752291969271_1508071933684&_=1508071938118
2017-10-15 20:53:51  /paimai/admin/index.php?act=login&op=login
2017-10-15 20:54:06  /paimai/admin/index.php?act=login&op=login
2017-10-15 20:54:41  /paimai/admin/index.php?act=login&op=login
2017-10-15 20:54:43  /paimai/admin/index.php?act=login&op=login
2017-10-15 20:54:43  /paimai/admin/index.php?act=seccode&op=makecode&admin=1&nchash=6abe3f35
2017-10-15 20:54:52  /paimai/admin/index.php?act=seccode&op=makecode&admin=1&nchash=6abe3f35&t=0.2599326672310043
2017-10-15 20:54:56  /paimai/admin/index.php?act=login&op=login
2017-10-15 20:56:47  /paimai/admin/index.php?act=login&op=login
2017-10-15 20:56:50  /paimai/admin/index.php?act=login&op=login
2017-10-15 20:56:52  /paimai/admin/index.php?act=login&op=login
2017-10-15 20:57:06  /paimai/admin/index.php?act=login&op=login
2017-10-15 20:57:07  /paimai/admin/index.php?act=seccode&op=makecode&admin=1&nchash=6abe3f35
2017-10-15 20:57:08  /paimai/admin/index.php?act=login&op=login
2017-10-15 20:57:09  /paimai/admin/index.php?act=seccode&op=makecode&admin=1&nchash=6abe3f35
2017-10-15 20:57:12  /paimai/admin/index.php?act=login&op=login
2017-10-15 20:57:14  /paimai/admin/index.php?act=login&op=login
2017-10-15 20:57:14  /paimai/admin/index.php?act=seccode&op=makecode&admin=1&nchash=6abe3f35
2017-10-15 20:57:30  /paimai/admin/index.php?act=login&op=login
2017-10-15 20:58:09  /paimai/admin/index.php?act=login&op=login
2017-10-15 20:58:10  /paimai/admin/index.php?act=login&op=login
2017-10-15 20:58:10  /paimai/admin/index.php?act=seccode&op=makecode&admin=1&nchash=6abe3f35
2017-10-15 20:58:14  /paimai/admin/index.php?act=login&op=login
2017-10-15 20:58:17  /paimai/admin/index.php?act=login&op=login
2017-10-15 20:58:48  /paimai/admin/index.php?act=login&op=login
2017-10-15 20:58:48  /paimai/admin/index.php?act=seccode&op=makecode&admin=1&nchash=6abe3f35
2017-10-15 20:58:52  /paimai/admin/index.php?act=login&op=login
2017-10-15 21:01:55  /paimai/
2017-10-15 21:01:58  /paimai/
2017-10-15 21:02:04  /paimai/
2017-10-15 21:02:04  /paimai/
2017-10-15 21:02:04  /paimai/
2017-10-15 21:02:04  /paimai/
2017-10-15 21:05:29  /paimai/
2017-10-15 21:05:30  /paimai/
2017-10-15 21:05:31  /paimai/
2017-10-15 21:06:25  /paimai/
2017-10-15 21:06:26  /paimai/
2017-10-15 21:06:26  /paimai/
2017-10-15 21:06:26  /paimai/
2017-10-15 21:06:26  /paimai/
2017-10-15 21:07:48  /paimai/
2017-10-15 21:07:48  /paimai/
2017-10-15 21:07:49  /paimai/
2017-10-15 21:07:49  /paimai/
2017-10-15 21:07:53  /paimai/admin/index.php?act=login&op=login
2017-10-15 21:07:54  /paimai/admin/index.php?act=login&op=login
2017-10-15 21:07:55  /paimai/admin/index.php?act=seccode&op=makecode&admin=1&nchash=6abe3f35
2017-10-15 21:07:56  /paimai/admin/index.php?act=login&op=login
2017-10-15 21:07:56  /paimai/admin/index.php?act=seccode&op=makecode&admin=1&nchash=6abe3f35
2017-10-15 21:07:58  /paimai/
2017-10-15 21:08:04  /paimai/index.php
2017-10-15 21:08:19  /paimai/index.php
2017-10-15 21:08:20  /paimai/shop/templates/default/images/home_bg211.png
2017-10-15 21:08:35  /paimai/admin/index.php?act=login&op=login
2017-10-15 21:08:47  /paimai/admin/index.php?act=login&op=login
2017-10-15 21:08:48  /paimai/admin/index.php?act=login&op=login
2017-10-15 21:08:48  /paimai/admin/index.php?act=seccode&op=makecode&admin=1&nchash=6abe3f35
2017-10-15 21:08:58  /paimai/admin/index.php?act=login&op=login
2017-10-15 21:09:00  /paimai/admin/index.php?act=login&op=login
2017-10-15 21:09:00  /paimai/admin/index.php?act=seccode&op=makecode&admin=1&nchash=6abe3f35
2017-10-15 21:09:06  /paimai/admin/index.php?act=login&op=login
2017-10-15 21:09:08  /paimai/admin/index.php?act=login&op=login
2017-10-15 21:09:09  /paimai/admin/index.php?act=seccode&op=makecode&admin=1&nchash=6abe3f35
2017-10-15 21:09:10  /paimai/admin/index.php?act=login&op=login
2017-10-15 21:09:10  /paimai/admin/index.php?act=seccode&op=makecode&admin=1&nchash=6abe3f35
2017-10-15 21:10:34  /paimai/admin/index.php?act=login&op=login
2017-10-15 21:11:47  /paimai/admin/index.php?act=login&op=login
2017-10-15 21:11:50  /paimai/admin/index.php?act=login&op=login
2017-10-15 21:11:50  /paimai/admin/index.php?act=login&op=login
2017-10-15 21:11:50  /paimai/admin/index.php?act=seccode&op=makecode&admin=1&nchash=6abe3f35
2017-10-15 21:12:02  /paimai/admin/index.php?act=login&op=login
2017-10-15 21:12:32  /paimai/admin/index.php?act=login&op=login
2017-10-15 21:12:32  /paimai/admin/index.php?act=seccode&op=makecode&admin=1&nchash=6abe3f35
2017-10-15 21:12:40  /paimai/admin/index.php?act=login&op=login
2017-10-15 21:12:40  /paimai/admin/index.php
2017-10-15 21:12:41  /paimai/admin/index.php?act=dashboard&op=welcome
2017-10-15 21:12:41  /paimai/admin/index.php?act=dashboard&op=statistics
2017-10-15 21:12:53  /paimai/admin/index.php?act=article_class&op=article_class
2017-10-15 21:12:54  /paimai/admin/index.php?act=stat_general&op=general
2017-10-15 21:12:55  /paimai/admin/index.php?act=operation&op=setting
2017-10-15 21:12:59  /paimai/admin/index.php?act=lepai&op=index
2017-10-15 21:13:16  /paimai/admin/index.php?act=lepai&op=adduser
2017-10-15 21:13:17  /paimai/admin/index.php?act=lepai&op=songpai
2017-10-15 21:13:19  /paimai/admin/index.php?act=lepai&op=goods
2017-10-15 21:13:22  /paimai/admin/index.php?act=lepai&op=theme
2017-10-15 21:13:25  /paimai/admin/index.php?act=lepai&op=order
2017-10-15 21:14:14  /paimai/index.php
2017-10-15 21:15:05  /paimai/admin/index.php?act=goods_class&op=goods_class
2017-10-15 21:15:11  /paimai/admin/index.php?act=goods&op=goods
2017-10-15 21:15:15  /paimai/admin/index.php?act=goods&op=get_goods_list_ajax&commonid=43431
2017-10-15 21:15:22  /paimai/admin/index.php?act=operation&op=setting
2017-10-15 21:15:24  /paimai/admin/index.php?act=lepai&op=index
2017-10-15 21:15:30  /paimai/admin/index.php?act=goods_class&op=goods_class
2017-10-15 21:15:35  /paimai/admin/index.php?act=operation&op=setting
2017-10-15 21:16:00  /paimai/tzxy/
2017-10-15 21:16:01  /paimai/tzxy/SHOP_RESOURCE_SITE_URL/js/compare.js
2017-10-15 21:16:27  /paimai/lepai/
2017-10-15 21:19:04  /paimai/admin/index.php?act=miaosha&op=miaosha_template_list
2017-10-15 21:19:05  /paimai/admin/index.php?act=groupbuy&op=groupbuy_template_list
2017-10-15 21:19:11  /paimai/admin/index.php?act=lepai&op=index
2017-10-15 21:19:14  /paimai/admin/index.php?act=lepai&op=goods
2017-10-15 21:19:28  /paimai/admin/index.php?act=mb_special&op=index_edit
2017-10-15 21:19:37  /paimai/admin/index.php?act=goods_class&op=goods_class
2017-10-15 21:19:39  /paimai/admin/index.php?act=goods&op=goods
2017-10-15 21:19:51  /paimai/admin/index.php?act=goods&op=goods_leimu&id=43422
2017-10-15 21:19:59  /paimai/admin/index.php?act=goods&op=goods&search_store_name=%E6%B3%B0%E9%A1%BA%E5%85%B4%E7%8F%A0%E5%AE%9D
2017-10-15 21:20:15  /paimai/admin/index.php?act=dashboard&op=welcome
2017-10-15 21:20:15  /paimai/admin/index.php?act=dashboard&op=statistics
2017-10-15 21:20:18  /paimai/admin/index.php?act=setting&op=base
2017-10-15 21:20:20  /paimai/admin/index.php?act=payment&op=system
2017-10-15 21:20:29  /paimai/admin/index.php?act=payment&op=edit&payment_id=1
2017-10-15 21:20:32  /paimai/admin/index.php?act=payment&op=edit&payment_id=1
2017-10-15 21:20:34  /paimai/admin/index.php?act=payment&op=index
2017-10-15 21:20:38  /paimai/admin/index.php?act=payment&op=edit&payment_id=4
2017-10-15 21:20:42  /paimai/admin/index.php?act=payment&op=edit&payment_id=4
2017-10-15 21:20:44  /paimai/admin/index.php?act=payment&op=index
2017-10-15 21:20:48  /paimai/admin/index.php?act=payment&op=edit&payment_id=6
2017-10-15 21:20:52  /paimai/admin/index.php?act=payment&op=edit&payment_id=6
2017-10-15 21:20:53  /paimai/admin/index.php?act=payment&op=index
2017-10-15 21:20:58  /paimai/admin/index.php?act=payment&op=edit&payment_id=7
2017-10-15 21:21:01  /paimai/admin/index.php?act=payment&op=edit&payment_id=7
2017-10-15 21:21:02  /paimai/admin/index.php?act=payment&op=index
2017-10-15 21:22:02  /paimai/admin/index.php?act=cms_manage&op=cms_manage
2017-10-15 21:22:04  /paimai/admin/index.php?act=stat_general&op=general
2017-10-15 21:22:05  /paimai/admin/index.php?act=operation&op=setting
2017-10-15 21:22:14  /paimai/admin/index.php?act=lepai&op=index
2017-10-15 21:22:20  /paimai/admin/index.php?act=lepai&op=adduser
2017-10-15 21:22:23  /paimai/admin/index.php?act=lepai&op=songpai
2017-10-15 21:22:25  /paimai/admin/index.php?act=lepai&op=goods
2017-10-15 21:22:29  /paimai/admin/index.php?act=lepai&op=theme
2017-10-15 21:22:30  /paimai/admin/index.php?act=lepai&op=order
2017-10-15 21:22:31  /paimai/admin/index.php?act=lepai&op=theme
2017-10-15 21:22:33  /paimai/shop/index.php?act=index&op=viewed_info
2017-10-15 21:22:36  /paimai/shop/index.php?act=cart&op=ajax_load&callback=jQuery18204416422160555056_1508073388228&_=1508073756525
2017-10-15 21:22:40  /paimai/index.php?act=login&op=index
2017-10-15 21:22:42  /paimai/shop/index.php?act=seccode&op=makecode&nchash=cf2c50c1
2017-10-15 21:22:42  /paimai/shop/templates/default/images/home_bg211.png
2017-10-15 21:22:57  /paimai/admin/index.php?act=zhuantiad&op=index
2017-10-15 21:22:59  /paimai/admin/index.php?act=zhuantiad&op=add
2017-10-15 21:23:05  /paimai/admin/index.php?act=operation&op=setting
2017-10-15 21:23:10  /paimai/admin/index.php?act=goods_class&op=goods_class
2017-10-15 21:23:22  /paimai/admin/index.php?act=brand&op=brand
2017-10-15 21:23:26  /paimai/admin/index.php?act=type&op=type
2017-10-15 21:23:31  /paimai/admin/index.php?act=spec&op=spec
2017-10-15 21:23:32  /paimai/admin/index.php?act=goods_album&op=list
2017-10-15 21:23:33  /paimai/admin/index.php?act=spec&op=spec
2017-10-15 21:23:36  /paimai/admin/index.php?act=goods_album&op=list
2017-10-15 21:23:46  /paimai/admin/index.php?act=operation&op=setting
2017-10-15 21:23:50  /paimai/admin/index.php?act=lepai&op=index
2017-10-15 21:24:04  /paimai/admin/index.php?act=lepai&op=goods
2017-10-15 21:24:11  /paimai/admin/index.php?act=lepai&op=theme
2017-10-15 21:24:34  /paimai/admin/index.php?act=lepai_order&op=index
2017-10-15 21:24:43  /paimai/admin/index.php?act=article_class&op=article_class
2017-10-15 21:24:43  /paimai/admin/index.php?act=operation&op=setting
2017-10-15 21:24:45  /paimai/admin/index.php?act=lepai&op=index
2017-10-15 21:24:46  /paimai/admin/index.php?act=lepai&op=goods
2017-10-15 21:26:23  /paimai/admin/index.php?act=goods_class&op=goods_class
2017-10-15 21:26:25  /paimai/admin/index.php?act=goods&op=goods
2017-10-15 21:26:27  /paimai/admin/index.php?act=goods&op=goods&search_store_name=%E6%94%B6%E8%97%8F%E5%A4%A9%E4%B8%8B%E4%B9%A6%E7%94%BB%E9%A6%86
2017-10-15 21:26:33  /paimai/admin/index.php?act=goods&op=goods&search_store_name=%E6%94%B6%E8%97%8F%E5%A4%A9%E4%B8%8B%E4%B9%A6%E7%94%BB%E9%A6%86
2017-10-15 21:26:56  /paimai/admin/index.php?act=goods&op=goods&search_store_name=%E6%94%B6%E8%97%8F%E5%A4%A9%E4%B8%8B%E4%B9%A6%E7%94%BB%E9%A6%86
2017-10-15 21:27:04  /paimai/admin/index.php?act=goods&op=goods&search_store_name=%E6%94%B6%E8%97%8F%E5%A4%A9%E4%B8%8B%E4%B9%A6%E7%94%BB%E9%A6%86
2017-10-15 21:27:16  /paimai/admin/index.php?act=goods&op=goods_lockup&id=43422
2017-10-15 21:27:17  /paimai/admin/index.php?act=goods&op=goods_lockup&inajax=1
2017-10-15 21:27:20  /paimai/admin/index.php?act=goods&op=goods
2017-10-15 21:27:54  /paimai/admin/index.php?act=goods&op=goods&type=waitverify
2017-10-15 21:27:58  /paimai/admin/index.php?act=goods&op=goods_set
2017-10-15 21:28:02  /paimai/admin/index.php?act=goods&op=goods
2017-10-15 21:28:06  /paimai/admin/index.php?act=dashboard&op=welcome
2017-10-15 21:28:06  /paimai/admin/index.php?act=dashboard&op=statistics
2017-10-15 21:28:08  /paimai/admin/index.php?act=goods&op=goods
2017-10-15 21:28:21  /paimai/admin/index.php?act=order&op=index
2017-10-15 21:28:22  /paimai/admin/index.php?act=goods&op=goods
2017-10-15 21:28:23  /paimai/admin/index.php?act=setting&op=base
2017-10-15 21:28:31  /paimai/admin/index.php?act=goods_class&op=goods_class
2017-10-15 21:28:33  /paimai/admin/index.php?act=store&op=store
2017-10-15 21:29:18  /paimai/admin/index.php?act=member&op=member
2017-10-15 21:29:19  /paimai/admin/index.php?act=order&op=index
2017-10-15 21:29:21  /paimai/admin/index.php?act=article_class&op=article_class
2017-10-15 21:29:22  /paimai/admin/index.php?act=operation&op=setting
2017-10-15 21:30:12  /paimai/index.php?act=login&op=register&ref_url=http%3A%2F%2Flocalhost%2Fpaimai%2Flepai%2F
2017-10-15 21:30:13  /paimai/index.php?act=seccode&op=makecode&nchash=7bb2e290
2017-10-15 21:30:13  /paimai/shop/templates/default/images/home_bg211.png
2017-10-15 21:30:20  /paimai/index.php?act=login&op=check_member&column=ok&user_name=user
2017-10-15 21:30:32  /paimai/index.php?act=login&op=check_mobile&mobile=15260983827
2017-10-15 21:30:36  /paimai/index.php?act=seccode&op=check&nchash=7bb2e290&captcha=b63f
2017-10-15 21:30:36  /paimai/shop/index.php?act=login&op=usersave
2017-10-15 21:30:37  /paimai/lepai/
2017-10-15 21:30:38  /paimai/lepai/index.php?act=member_security&op=ajaxGetWxewm&_=1508074238925
2017-10-15 21:30:46  /paimai/index.php?act=seller_login&op=show_login
2017-10-15 21:30:47  /paimai/index.php?act=seccode&op=makecode&nchash=057389db
2017-10-15 21:30:58  /paimai/index.php?act=seccode&op=check&nchash=057389db&captcha=baa4
2017-10-15 21:30:58  /paimai/index.php?act=seller_login&op=login
2017-10-15 21:30:58  /paimai/shop/templates/default/images/home_bg211.png
2017-10-15 21:31:00  /paimai/index.php?act=seller_login&op=show_login
2017-10-15 21:31:01  /paimai/index.php?act=seccode&op=makecode&nchash=057389db
2017-10-15 21:31:07  /paimai/shop/index.php?act=show_joinin&op=index
2017-10-15 21:31:08  /paimai/shop/templates/default/images/home_bg211.png
2017-10-15 21:31:17  /paimai/index.php?act=store_joinin_c2c&op=step0
2017-10-15 21:31:18  /paimai/shop/templates/default/images/home_bg211.png
2017-10-15 21:31:22  /paimai/index.php?act=store_joinin_c2c&op=step1
2017-10-15 21:31:22  /paimai/shop/templates/default/images/home_bg211.png
2017-10-15 21:32:22  /paimai/index.php?act=store_joinin_c2c&op=step2
2017-10-15 21:32:24  /paimai/shop/templates/default/images/home_bg211.png
2017-10-15 21:32:47  /paimai/index.php?act=store_joinin_c2c&op=step3
2017-10-15 21:32:48  /paimai/shop/templates/default/images/home_bg211.png
2017-10-15 21:32:55  /paimai/index.php?act=store_joinin&op=check_seller_name_exist&seller_name=shop
2017-10-15 21:33:06  /paimai/index.php?act=store_joinin&op=check_seller_name_exist&seller_name=shop
2017-10-15 21:33:10  /paimai/index.php?act=store_joinin&op=checkname&store_name=%E4%B8%8D%E7%9F%A5%E9%81%93
2017-10-15 21:33:11  /paimai/index.php?act=store_joinin&op=checkname&store_name=%E4%B8%8D%E7%9F%A5
2017-10-15 21:33:11  /paimai/index.php?act=store_joinin&op=checkname&store_name=%E4%B8%8D
2017-10-15 21:33:13  /paimai/index.php?act=store_joinin&op=checkname&store_name=%E6%88%91
2017-10-15 21:33:13  /paimai/index.php?act=store_joinin&op=checkname&store_name=%E6%88%91%E6%98%AF
2017-10-15 21:33:14  /paimai/index.php?act=store_joinin&op=checkname&store_name=%E6%88%91%E6%98%AF%E5%BA%97%E9%93%BA
2017-10-15 21:33:15  /paimai/index.php?act=store_joinin&op=checkname&store_name=%E6%88%91%E6%98%AF%E5%BA%97%E9%93%BA%E5%90%8D%E7%A7%B0
2017-10-15 21:33:16  /paimai/index.php?act=store_joinin&op=check_seller_name_exist&seller_name=shop
2017-10-15 21:33:16  /paimai/index.php?act=store_joinin&op=check_seller_name_exist&seller_name=shop
2017-10-15 21:33:16  /paimai/index.php?act=store_joinin_c2c&op=step4
2017-10-15 21:33:17  /paimai/index.php?act=store_joinin_c2c
2017-10-15 21:33:17  /paimai/shop/templates/default/images/home_bg211.png
2017-10-15 21:33:38  /paimai/admin/index.php?act=dashboard&op=welcome
2017-10-15 21:33:38  /paimai/admin/index.php?act=dashboard&op=statistics
2017-10-15 21:33:40  /paimai/admin/index.php?act=store&op=store
2017-10-15 21:33:43  /paimai/admin/index.php?act=store&op=store_joinin
2017-10-15 21:33:45  /paimai/admin/index.php?act=store&op=store_joinin_detail&member_id=452635
2017-10-15 21:33:53  /paimai/admin/index.php?act=store&op=store_joinin_verify
2017-10-15 21:33:56  /paimai/admin/index.php?act=store&op=store_joinin
2017-10-15 21:34:10  /paimai/index.php?act=seccode&op=check&nchash=057389db&captcha=bext
2017-10-15 21:34:10  /paimai/index.php?act=seller_login&op=login
2017-10-15 21:34:10  /paimai/index.php?act=seller_center
2017-10-15 21:34:11  /paimai/shop/templates/default/images/home_bg211.png
2017-10-15 21:34:12  /paimai/index.php?act=seller_center&op=statistics&rand=25134574
2017-10-15 21:34:20  /paimai/index.php?act=store_goods_add&op=index
2017-10-15 21:34:21  /paimai/shop/templates/default/images/home_bg211.png
2017-10-15 21:35:44  /paimai/index.php?act=store_goods_online&op=index
2017-10-15 21:35:46  /paimai/shop/templates/default/images/home_bg211.png
2017-10-15 21:36:05  /paimai/index.php?act=store_groupbuy&op=index
2017-10-15 21:36:05  /paimai/shop/templates/default/images/home_bg211.png
2017-10-15 21:36:31  /paimai/admin/index.php?act=member&op=member
2017-10-15 21:36:32  /paimai/admin/index.php?act=order&op=index
2017-10-15 21:36:38  /paimai/admin/index.php?act=lepai_order&op=index
2017-10-15 21:36:45  /paimai/admin/index.php?act=store&op=store
2017-10-15 21:36:52  /paimai/admin/index.php?act=store_class&op=store_class
2017-10-15 21:36:54  /paimai/admin/index.php?act=store_grade&op=store_grade
2017-10-15 21:37:01  /paimai/admin/index.php?act=ownshop&op=list
2017-10-15 21:37:05  /paimai/index.php?act=show_store&op=index&store_id=3
2017-10-15 21:37:07  /paimai/shop/templates/default/images/home_bg211.png
2017-10-15 21:37:07  /paimai/index.php?act=show_store&op=ajax_flowstat_record&store_id=3&goods_id=&act_param=show_store&op_param=index
2017-10-15 21:37:21  /paimai/admin/index.php?act=ownshop&op=list
2017-10-15 21:37:23  /paimai/admin/index.php?act=ownshop&op=edit&id=3
2017-10-15 21:37:31  /paimai/admin/index.php?act=ownshop&op=list
2017-10-15 21:37:33  /paimai/admin/index.php?act=ownshop&op=add
2017-10-15 21:37:33  /paimai/admin/index.php?act=ownshop&op=check_seller_name&seller_name=root
2017-10-15 21:37:36  /paimai/admin/index.php?act=store_dengji&op=index
2017-10-15 21:37:42  /paimai/admin/index.php?act=operation&op=setting
2017-10-15 21:37:46  /paimai/admin/index.php?act=miaosha&op=miaosha_template_list
2017-10-15 21:37:49  /paimai/admin/index.php?act=lepai&op=index
2017-10-15 21:37:58  /paimai/admin/index.php?act=lepai&op=focus_edit
2017-10-15 21:38:40  /paimai/admin/index.php?act=lepai&op=tuihuo
2017-10-15 21:38:43  /paimai/admin/index.php?act=lepai&op=order
2017-10-15 21:38:45  /paimai/admin/index.php?act=lepai&op=theme
2017-10-15 21:38:46  /paimai/admin/index.php?act=lepai&op=index
2017-10-15 21:38:47  /paimai/admin/index.php?act=lepai&op=focus_edit
2017-10-15 21:39:00  /paimai/admin/index.php?act=web_api&op=screen_pic
2017-10-15 21:39:14  /paimai/admin/index.php?act=web_api&op=screen_pic
2017-10-15 21:39:35  /paimai/admin/index.php?act=web_api&op=screen_pic
2017-10-15 21:39:40  /paimai/admin/index.php?act=lepai&op=focus_edit
2017-10-15 21:40:26  /paimai/lepai/
2017-10-15 21:40:54  /paimai/admin/index.php?act=web_api&op=screen_pic
2017-10-15 21:41:08  /paimai/admin/index.php?act=web_api&op=screen_pic
2017-10-15 21:41:15  /paimai/lepai/
2017-10-15 21:41:28  /paimai/lepai/
2017-10-15 21:41:31  /paimai/lepai/
2017-10-15 21:41:33  /paimai/lepai/
2017-10-15 21:41:34  /paimai/lepai/
2017-10-15 21:41:35  /paimai/lepai/
2017-10-15 21:41:51  /paimai/admin/index.php?act=activity&op=activity
2017-10-15 21:41:56  /paimai/index.php?act=activity&op=index&activity_id=6
2017-10-15 21:41:56  /paimai/shop/templates/default/images/home_bg211.png
2017-10-15 21:41:59  /paimai/index.php
2017-10-15 21:42:00  /paimai/shop/templates/default/images/home_bg211.png
2017-10-15 21:42:02  /paimai/admin/index.php?act=activity&op=edit&activity_id=6
2017-10-15 21:42:11  /paimai/admin/index.php?act=activity&op=edit&activity_id=6
2017-10-15 21:42:13  /paimai/admin/index.php?act=activity&op=activity
2017-10-15 21:42:17  /paimai/admin/index.php?act=activity&op=edit&activity_id=6
2017-10-15 21:42:26  /paimai/admin/index.php?act=activity&op=edit&activity_id=6
2017-10-15 21:42:27  /paimai/admin/index.php?act=activity&op=activity
2017-10-15 21:42:31  /paimai/index.php?act=activity&op=index&activity_id=6
2017-10-15 21:42:33  /paimai/shop/templates/default/images/sale_banner.jpg
2017-10-15 21:42:33  /paimai/shop/templates/default/images/home_bg211.png
2017-10-15 21:42:45  /paimai/admin/index.php?act=activity&op=new
2017-10-15 21:42:57  /paimai/admin/index.php?act=zhuantiad&op=index
2017-10-15 21:42:59  /paimai/admin/index.php?act=zhuantiad&op=add
2017-10-15 21:43:06  /paimai/admin/index.php?act=operation&op=setting
2017-10-15 21:43:30  /paimai/admin/index.php?act=operation&op=setting
2017-10-15 21:43:32  /paimai/admin/index.php?act=operation&op=setting
2017-10-15 21:43:38  /paimai/admin/index.php?act=operation&op=setting
2017-10-15 21:43:40  /paimai/admin/index.php?act=operation&op=setting
2017-10-15 21:43:43  /paimai/admin/index.php?act=operation&op=setting
2017-10-15 21:43:43  /paimai/admin/index.php?act=toupiao&op=index
2017-10-15 21:43:46  /paimai/admin/index.php?act=toupiao&op=shenqing_list
2017-10-15 21:43:48  /paimai/admin/index.php?act=push_user_gift&op=index
2017-10-15 21:43:50  /paimai/admin/index.php?act=groupbuy&op=groupbuy_template_list
2017-10-15 21:43:53  /paimai/admin/index.php?act=miaosha&op=miaosha_template_list
2017-10-15 21:43:54  /paimai/admin/index.php?act=lepai&op=index
2017-10-15 21:43:58  /paimai/admin/index.php?act=lepai&op=adduser
2017-10-15 21:44:32  /paimai/admin/index.php?act=lepai&op=doAddUser
2017-10-15 21:44:34  /paimai/admin/index.php?act=lepai&op=adduser
2017-10-15 21:44:54  /paimai/admin/index.php?act=lepai&op=doAddUser
2017-10-15 21:44:55  /paimai/admin/index.php?act=lepai&op=adduser
2017-10-15 21:44:57  /paimai/admin/index.php?act=lepai&op=index
2017-10-15 21:45:01  /paimai/admin/index.php?act=lepai&op=adduser&themeid=452635
2017-10-15 21:45:03  /paimai/admin/index.php?act=lepai&op=songpai
2017-10-15 21:45:05  /paimai/admin/index.php?act=lepai&op=adduser
2017-10-15 21:45:12  /paimai/index.php
2017-10-15 21:45:13  /paimai/shop/templates/default/images/home_bg211.png
2017-10-15 21:45:22  /paimai/index.php?act=pointgrade&op=index
2017-10-15 21:45:24  /paimai/index.php?act=index&op=index
2017-10-15 21:45:32  /paimai/shop/index.php?act=member_favorites&op=fglist
2017-10-15 21:45:33  /paimai/index.php?act=search&op=get_guesslike
2017-10-15 21:45:36  /paimai/index.php?act=lepai_order&op=index
2017-10-15 21:45:40  /paimai/index.php?act=lepai_order
2017-10-15 21:45:41  /paimai/index.php?act=lepai_order&op=my_deposit
2017-10-15 21:45:43  /paimai/index.php?act=lepai_order&op=list
2017-10-15 21:46:05  /paimai/index.php?act=lepai_order&op=my_deposit
2017-10-15 21:46:08  /paimai/index.php?act=lepai_order&op=list
2017-10-15 21:46:10  /paimai/index.php?act=lepai_order
2017-10-15 21:47:18  /paimai/lepai/
2017-10-15 21:47:21  /paimai/lepai/
2017-10-15 21:47:36  /paimai/admin/index.php?act=lepai&op=goods
2017-10-15 21:47:51  /paimai/admin/index.php?act=lepai&op=theme
2017-10-15 21:47:54  /paimai/admin/index.php?act=lepai&op=order
2017-10-15 21:47:56  /paimai/admin/index.php?act=lepai&op=theme
2017-10-15 21:47:57  /paimai/admin/index.php?act=stat_general&op=general
2017-10-15 21:48:00  /paimai/admin/index.php?act=flea_index&op=flea_index
2017-10-15 21:48:01  /paimai/admin/index.php?act=mb_special&op=index_edit
2017-10-15 21:48:04  /paimai/admin/index.php?act=microshop&op=manage
2017-10-15 21:48:13  /paimai/admin/index.php?act=setting&op=base
2017-10-15 21:48:16  /paimai/admin/index.php?act=goods_class&op=goods_class
2017-10-15 21:48:20  /paimai/admin/index.php?act=goods&op=goods
2017-10-15 21:48:29  /paimai/admin/index.php?act=goods&op=goods&search_store_name=%E7%91%9E%E9%BC%8E%E9%98%81
2017-10-15 21:48:56  /paimai/admin/index.php?act=goods&op=goods_leimu&id=43422
2017-10-15 21:49:01  /paimai/admin/index.php?act=goods&op=get_goods_list_ajax&commonid=43422
2017-10-15 21:49:04  /paimai/index.php?act=goods&op=index&goods_id=45036
2017-10-15 21:49:05  /paimai/shop/templates/default/images/home_bg211.png
2017-10-15 21:49:07  /paimai/admin/index.php?act=goods&op=goods
2017-10-15 21:49:57  /paimai/admin/index.php?act=dashboard&op=welcome
2017-10-15 21:49:57  /paimai/admin/index.php?act=dashboard&op=statistics
2017-10-15 21:49:58  /paimai/admin/index.php?act=setting&op=base
2017-10-15 21:50:00  /paimai/admin/index.php?act=goods_class&op=goods_class
2017-10-15 21:50:00  /paimai/admin/index.php?act=store&op=store
2017-10-15 21:50:03  /paimai/admin/index.php?act=store&op=store_joinin
2017-10-15 21:50:04  /paimai/admin/index.php?act=store&op=reopen_list
2017-10-15 21:50:04  /paimai/admin/index.php?act=store&op=store_bind_class_applay_list
2017-10-15 21:50:15  /paimai/admin/index.php?act=store&op=store
2017-10-15 21:50:17  /paimai/admin/index.php?act=store&op=newshop_add
2017-10-15 21:50:17  /paimai/admin/index.php?act=ownshop&op=check_seller_name&seller_name=root
2017-10-15 21:50:20  /paimai/admin/index.php?act=ownshop&op=list
2017-10-15 21:50:25  /paimai/admin/index.php?act=ownshop&op=edit&id=3
2017-10-15 21:50:37  /paimai/admin/index.php?act=goods_class&op=goods_class
2017-10-15 21:50:42  /paimai/admin/index.php?act=goods&op=goods
2017-10-15 21:50:52  /paimai/admin/index.php?act=goods&op=goods&search_goods_name=&search_commonid=&search_gc%5B%5D=0&choose_gcid=0&type_id=0&search_store_name=%E6%94%B6%E8%97%8F%E5%A4%A9%E4%B8%8B&b_name=&b_id=&search_brand_keyword=&search_state=&search_verify=
2017-10-15 21:50:59  /paimai/admin/index.php?act=goods&op=goods&search_goods_name=&search_commonid=&search_gc%5B%5D=0&choose_gcid=0&type_id=0&search_store_name=%E6%94%B6%E8%97%8F%E5%A4%A9%E4%B8%8B&b_name=&b_id=&search_brand_keyword=&search_state=&search_verify=&curpage=4
2017-10-15 21:51:03  /paimai/admin/index.php?act=goods&op=get_goods_list_ajax&commonid=42848
2017-10-15 21:51:04  /paimai/index.php?act=goods&op=index&goods_id=44460
2017-10-15 21:51:06  /paimai/shop/templates/default/images/home_bg211.png
2017-10-15 21:51:07  /paimai/index.php?act=show_store&op=ajax_flowstat_record&store_id=3&goods_id=44460&act_param=goods&op_param=index
2017-10-15 21:51:07  /paimai/index.php?act=goods&op=consulting&goods_id=44460&store_id=3
2017-10-15 21:51:07  /paimai/index.php?act=goods&op=get_bundling&goods_id=44460
2017-10-15 21:51:08  /paimai/index.php?act=goods&op=salelog&goods_id=44460&store_id=3&vr=0
2017-10-15 21:51:08  /paimai/index.php?act=goods&op=comments&goods_id=44460&type=all
2017-10-15 21:51:08  /paimai/index.php?act=goods&op=addbrowse&gid=44460
2017-10-15 21:51:09  /paimai/index.php?act=compare&op=checkcompare
2017-10-15 21:51:23  /paimai/index.php?act=goods&op=index&goods_id=44460
2017-10-15 21:51:25  /paimai/shop/templates/default/images/home_bg211.png
2017-10-15 21:51:25  /paimai/index.php?act=show_store&op=ajax_flowstat_record&store_id=3&goods_id=44460&act_param=goods&op_param=index
2017-10-15 21:51:25  /paimai/index.php?act=goods&op=get_bundling&goods_id=44460
2017-10-15 21:51:25  /paimai/index.php?act=goods&op=salelog&goods_id=44460&store_id=3&vr=0
2017-10-15 21:51:26  /paimai/index.php?act=goods&op=consulting&goods_id=44460&store_id=3
2017-10-15 21:51:26  /paimai/index.php?act=goods&op=comments&goods_id=44460&type=all
2017-10-15 21:51:26  /paimai/index.php?act=goods&op=addbrowse&gid=44460
2017-10-15 21:51:26  /paimai/index.php?act=compare&op=checkcompare
2017-10-15 21:51:50  /paimai/index.php?act=goods&op=index&goods_id=44460
2017-10-15 21:51:51  /paimai/shop/templates/default/images/home_bg211.png
2017-10-15 21:51:52  /paimai/index.php?act=show_store&op=ajax_flowstat_record&store_id=3&goods_id=44460&act_param=goods&op_param=index
2017-10-15 21:51:52  /paimai/index.php?act=goods&op=salelog&goods_id=44460&store_id=3&vr=0
2017-10-15 21:51:53  /paimai/index.php?act=goods&op=get_bundling&goods_id=44460
2017-10-15 21:51:53  /paimai/index.php?act=goods&op=consulting&goods_id=44460&store_id=3
2017-10-15 21:51:54  /paimai/index.php?act=goods&op=comments&goods_id=44460&type=all
2017-10-15 21:51:54  /paimai/index.php?act=goods&op=addbrowse&gid=44460
2017-10-15 21:51:54  /paimai/index.php?act=compare&op=checkcompare
2017-10-15 21:52:11  /paimai/index.php?act=store_goods_add&op=index
2017-10-15 21:52:11  /paimai/shop/templates/default/images/home_bg211.png
2017-10-15 21:52:20  /paimai/index.php?act=store_goods_offline&op=index
2017-10-15 21:52:20  /paimai/shop/templates/default/images/home_bg211.png
2017-10-15 21:52:25  /paimai/index.php?act=store_goods_add&op=index
2017-10-15 21:52:26  /paimai/shop/templates/default/images/home_bg211.png
2017-10-15 21:52:38  /paimai/index.php?act=statistics_general&op=general
2017-10-15 21:52:38  /paimai/shop/templates/default/images/home_bg211.png
2017-10-15 21:52:54  /paimai/admin/index.php?act=goods_class&op=goods_class
2017-10-15 21:53:00  /paimai/admin/index.php?act=goods_class&op=goods_class&ajax=1&gc_parent_id=1
2017-10-15 21:53:00  /paimai/admin/index.php?act=goods_class&op=goods_class&ajax=1&gc_parent_id=1
2017-10-15 21:53:05  /paimai/admin/index.php?act=type&op=type
2017-10-15 21:53:08  /paimai/admin/index.php?act=goods&op=goods
2017-10-15 21:53:09  /paimai/admin/index.php?act=brand&op=brand
2017-10-15 21:53:12  /paimai/admin/index.php?act=goods&op=goods
2017-10-15 21:53:51  /paimai/index.php?act=login&op=logout
2017-10-15 21:53:51  /paimai/index.php?act=login&ref_url=http%3A%2F%2Flocalhost%2Fpaimai%2Findex.php%3Fact%3Dlepai_order
2017-10-15 21:53:51  /paimai/shop/index.php?act=seccode&op=makecode&nchash=cf2c50c1
2017-10-15 21:53:52  /paimai/shop/templates/default/images/home_bg211.png
2017-10-15 21:54:11  /paimai/shop/index.php?act=seccode&op=check&nchash=cf2c50c1&captcha=cjcj
2017-10-15 21:54:11  /paimai/index.php?act=login&op=login
2017-10-15 21:54:14  /paimai/index.php?act=login&ref_url=http%3A%2F%2Flocalhost%2Fpaimai%2Findex.php%3Fact%3Dlepai_order
2017-10-15 21:54:14  /paimai/shop/index.php?act=seccode&op=makecode&nchash=cf2c50c1
2017-10-15 21:54:26  /paimai/shop/index.php?act=seccode&op=check&nchash=cf2c50c1&captcha=cm3b
2017-10-15 21:54:26  /paimai/index.php?act=login&op=login
2017-10-15 21:54:29  /paimai/index.php?act=login&ref_url=http%3A%2F%2Flocalhost%2Fpaimai%2Findex.php%3Fact%3Dlepai_order
2017-10-15 21:54:29  /paimai/shop/index.php?act=seccode&op=makecode&nchash=cf2c50c1
2017-10-15 21:56:25  /paimai/admin/index.php?act=store&op=store
2017-10-15 21:56:27  /paimai/admin/index.php?act=ownshop&op=list
2017-10-15 21:56:42  /paimai/admin/index.php?act=ownshop&op=ajax&branch=store_sort&id=3&column=store_sort&value=100
2017-10-15 21:56:53  /paimai/admin/index.php?act=ownshop&op=add
2017-10-15 21:56:54  /paimai/admin/index.php?act=ownshop&op=check_seller_name&seller_name=root
2017-10-15 21:57:02  /paimai/admin/index.php?act=ownshop&op=ckeck_store_name&store_name=%E5%93%88%E5%93%88%E5%93%88
2017-10-15 21:57:06  /paimai/admin/index.php?act=ownshop&op=check_member_name&member_name=nba
2017-10-15 21:57:09  /paimai/admin/index.php?act=ownshop&op=check_seller_name&seller_name=nba
2017-10-15 21:57:15  /paimai/admin/index.php?act=ownshop&op=add
2017-10-15 21:57:19  /paimai/admin/index.php?act=ownshop&op=list
2017-10-15 21:57:28  /paimai/shop/index.php?act=seccode&op=check&nchash=cf2c50c1&captcha=eety
2017-10-15 21:57:28  /paimai/index.php?act=login&op=login
2017-10-15 21:57:28  /paimai/index.php?act=lepai_order
2017-10-15 21:57:38  /paimai/index.php?act=seller_login&op=show_login
2017-10-15 21:57:38  /paimai/index.php?act=seccode&op=makecode&nchash=057389db
2017-10-15 21:57:47  /paimai/index.php?act=seccode&op=check&nchash=057389db&captcha=byfa
2017-10-15 21:57:47  /paimai/index.php?act=seller_login&op=login
2017-10-15 21:57:47  /paimai/index.php?act=seller_center
2017-10-15 21:57:48  /paimai/shop/templates/default/images/home_bg211.png
2017-10-15 21:57:48  /paimai/index.php?act=seller_center&op=statistics&rand=25134598
2017-10-15 21:57:55  /paimai/index.php?act=store_goods_add&op=index
2017-10-15 21:57:55  /paimai/shop/templates/default/images/home_bg211.png
2017-10-15 21:57:57  /paimai/index.php?act=store_goods_add&op=ajax_goods_class&gc_id=1&deep=2
2017-10-15 21:57:58  /paimai/index.php?act=store_goods_add&op=ajax_goods_class&gc_id=668&deep=3
2017-10-15 21:58:00  /paimai/index.php?act=store_goods_add&op=ajax_goods_class&gc_id=669&deep=4
2017-10-15 21:58:02  /paimai/index.php?act=store_goods_add&op=add_step_two&class_id=669&t_id=124
2017-10-15 21:58:03  /paimai/shop/templates/default/images/home_bg211.png
2017-10-15 21:59:05  /paimai/index.php?act=store_goods_add&op=ajax_add_spec&gc_id=669&sp_id=1&name=%E5%85%AB%E8%89%B2
2017-10-15 21:59:16  /paimai/index.php?act=store_goods_add&op=ajax_add_spec&gc_id=669&sp_id=2&name=35
2017-10-15 21:59:40  /paimai/shop/index.php?act=store_goods_add&op=image_upload&upload_type=uploadedfile&upload_type_=thumb_images_
2017-10-15 22:00:30  /paimai/index.php?act=store_album&op=pic_list&item=des
2017-10-15 22:00:45  /paimai/index.php?act=store_album&op=pic_list&item=mobile
2017-10-15 22:00:51  /paimai/index.php?act=store_album&op=pic_list&item=mobile
2017-10-15 22:00:53  /paimai/index.php?act=store_album&op=pic_list&item=mobile
2017-10-15 22:00:53  /paimai/index.php?act=store_album&op=pic_list&item=mobile
2017-10-15 22:00:55  /paimai/index.php?act=store_album&op=pic_list&item=mobile
2017-10-15 22:01:21  /paimai/index.php?act=store_goods_add&op=save_goods
2017-10-15 22:01:24  /paimai/index.php?act=store_goods_add&op=add_step_three&commonid=43432
2017-10-15 22:01:25  /paimai/shop/templates/default/images/home_bg211.png
2017-10-15 22:01:49  /paimai/index.php?act=store_goods_add&op=save_image
2017-10-15 22:01:50  /paimai/index.php?act=store_goods_add&op=add_step_four&commonid=43432
2017-10-15 22:01:50  /paimai/shop/templates/default/images/home_bg211.png
2017-10-15 22:02:10  /paimai/index.php?act=store_goods_online&op=index
2017-10-15 22:02:11  /paimai/shop/templates/default/images/home_bg211.png
2017-10-15 22:02:17  /paimai/index.php?act=store_order&op=index
2017-10-15 22:02:18  /paimai/shop/templates/default/images/home_bg211.png
2017-10-15 22:02:36  /paimai/admin/index.php?act=goods_class&op=goods_class
2017-10-15 22:02:38  /paimai/admin/index.php?act=goods&op=goods
2017-10-15 22:02:48  /paimai/admin/index.php?act=goods&op=get_goods_list_ajax&commonid=43432
2017-10-15 22:02:49  /paimai/index.php?act=goods&op=index&goods_id=45046
2017-10-15 22:02:50  /paimai/shop/templates/default/images/home_bg211.png
2017-10-15 22:02:50  /paimai/index.php?act=goods&op=get_bundling&goods_id=45046
2017-10-15 22:02:50  /paimai/index.php?act=goods&op=salelog&goods_id=45046&store_id=5&vr=0
2017-10-15 22:02:51  /paimai/index.php?act=goods&op=consulting&goods_id=45046&store_id=5
2017-10-15 22:02:51  /paimai/index.php?act=show_store&op=ajax_flowstat_record&store_id=5&goods_id=45046&act_param=goods&op_param=index
2017-10-15 22:02:51  /paimai/index.php?act=goods&op=comments&goods_id=45046&type=all
2017-10-15 22:02:51  /paimai/index.php?act=goods&op=addbrowse&gid=45046
2017-10-15 22:02:52  /paimai/index.php?act=compare&op=checkcompare
2017-10-15 22:02:56  /paimai/index.php?act=goods&op=comments&goods_id=45046&type=1
2017-10-15 22:02:56  /paimai/index.php?act=goods&op=comments&goods_id=45046&type=2
2017-10-15 22:02:57  /paimai/index.php?act=goods&op=comments&goods_id=45046&type=3
2017-10-15 22:02:57  /paimai/index.php?act=goods&op=comments&goods_id=45046&type=all
2017-10-15 22:03:22  /paimai/admin/index.php?act=operation&op=setting
2017-10-15 22:03:24  /paimai/admin/index.php?act=toupiao&op=index
2017-10-15 22:03:25  /paimai/admin/index.php?act=push_user_gift&op=index
2017-10-15 22:03:26  /paimai/admin/index.php?act=groupbuy&op=groupbuy_template_list
2017-10-15 22:03:30  /paimai/admin/index.php?act=miaosha&op=miaosha_template_list
2017-10-15 22:03:31  /paimai/admin/index.php?act=lepai&op=index
2017-10-15 22:03:37  /paimai/admin/index.php?act=lepai&op=adduser
2017-10-15 22:03:38  /paimai/admin/index.php?act=lepai&op=songpai
2017-10-15 22:03:41  /paimai/admin/index.php?act=lepai&op=goods
2017-10-15 22:03:43  /paimai/admin/index.php?act=lepai&op=songpai
2017-10-15 22:03:44  /paimai/admin/index.php?act=lepai&op=theme
2017-10-15 22:03:46  /paimai/admin/index.php?act=lepai&op=order
2017-10-15 22:03:56  /paimai/admin/index.php?act=activity&op=activity
2017-10-15 22:04:03  /paimai/admin/index.php?act=flea_index&op=flea_index
2017-10-15 22:04:05  /paimai/admin/index.php?act=mb_special&op=index_edit
2017-10-15 22:04:07  /paimai/admin/index.php?act=microshop&op=manage
2017-10-15 22:04:10  /paimai/admin/index.php?act=cms_manage&op=cms_manage
2017-10-15 22:04:11  /paimai/admin/index.php?act=circle_setting&op=index
2017-10-15 22:04:28  /paimai/index.php?act=store_goods_class&op=index
2017-10-15 22:04:29  /paimai/shop/templates/default/images/home_bg211.png
2017-10-15 22:04:31  /paimai/index.php?act=store_brand&op=brand_list
2017-10-15 22:04:32  /paimai/shop/templates/default/images/home_bg211.png
2017-10-15 22:04:34  /paimai/index.php?act=store_setting&op=store_setting
2017-10-15 22:04:35  /paimai/shop/templates/default/images/home_bg211.png
2017-10-15 22:04:50  /paimai/index.php?act=store_groupbuy&op=index
2017-10-15 22:04:50  /paimai/shop/templates/default/images/home_bg211.png
2017-10-15 22:04:52  /paimai/index.php?act=seller_center
2017-10-15 22:04:53  /paimai/shop/templates/default/images/home_bg211.png
2017-10-15 22:04:53  /paimai/index.php?act=seller_center&op=statistics&rand=25134605
2017-10-15 22:04:59  /paimai/admin/index.php?act=operation&op=setting
2017-10-15 22:05:00  /paimai/admin/index.php?act=groupbuy&op=groupbuy_template_list
2017-10-15 22:05:02  /paimai/admin/index.php?act=groupbuy&op=groupbuy_template_list&groupbuy_open=1
2017-10-15 22:05:24  /paimai/index.php?act=store_groupbuy&op=index
2017-10-15 22:05:25  /paimai/shop/templates/default/images/home_bg211.png
2017-10-15 22:05:27  /paimai/index.php?act=seller_center
2017-10-15 22:05:27  /paimai/shop/templates/default/images/home_bg211.png
2017-10-15 22:05:27  /paimai/index.php?act=seller_center&op=statistics&rand=25134605
2017-10-15 22:05:40  /paimai/index.php?act=store_consult&op=consult_list
2017-10-15 22:05:41  /paimai/shop/templates/default/images/home_bg211.png
2017-10-15 22:05:45  /paimai/index.php?act=store_groupbuy&op=index
2017-10-15 22:05:45  /paimai/shop/templates/default/images/home_bg211.png
2017-10-15 22:05:47  /paimai/index.php?act=seller_center
2017-10-15 22:05:48  /paimai/shop/templates/default/images/home_bg211.png
2017-10-15 22:05:49  /paimai/index.php?act=seller_center&op=statistics&rand=25134606
2017-10-15 22:05:55  /paimai/admin/index.php?act=groupbuy&op=groupbuy_template_list
2017-10-15 22:05:59  /paimai/admin/index.php?act=operation&op=setting
2017-10-15 22:06:15  /paimai/admin/index.php?act=toupiao&op=index
2017-10-15 22:06:16  /paimai/admin/index.php?act=push_user_gift&op=index
2017-10-15 22:06:18  /paimai/admin/index.php?act=groupbuy&op=groupbuy_template_list
2017-10-15 22:06:20  /paimai/admin/index.php?act=groupbuy&op=groupbuy_template_list&groupbuy_open=1
2017-10-15 22:06:22  /paimai/admin/index.php?act=groupbuy&op=groupbuy_template_list
2017-10-15 22:06:23  /paimai/admin/index.php?act=push_user_gift&op=index
2017-10-15 22:06:23  /paimai/admin/index.php?act=groupbuy&op=groupbuy_template_list
2017-10-15 22:06:30  /paimai/admin/index.php?act=dashboard&op=welcome
2017-10-15 22:06:30  /paimai/admin/index.php?act=dashboard&op=statistics
2017-10-15 22:06:44  /paimai/admin/index.php?act=miaosha&op=miaosha_template_list
2017-10-15 22:06:45  /paimai/admin/index.php?act=miaosha&op=miaosha_template_list&miaosha_open=1
2017-10-15 22:06:47  /paimai/admin/index.php?act=miaosha&op=miaosha_template_list
2017-10-15 22:06:49  /paimai/admin/index.php?act=miaosha&op=miaosha_template_list&miaosha_open=1
2017-10-15 22:06:51  /paimai/admin/index.php?act=operation&op=setting
2017-10-15 22:07:02  /paimai/admin/index.php?act=operation&op=setting
2017-10-15 22:07:04  /paimai/admin/index.php?act=operation&op=setting
2017-10-15 22:07:05  /paimai/admin/index.php?act=groupbuy&op=groupbuy_template_list
2017-10-15 22:07:06  /paimai/admin/index.php?act=miaosha&op=miaosha_template_list
2017-10-15 22:07:07  /paimai/admin/index.php?act=lepai&op=index
2017-10-15 22:07:13  /paimai/admin/index.php?act=dashboard&op=welcome
2017-10-15 22:07:14  /paimai/admin/index.php?act=dashboard&op=statistics
2017-10-15 22:07:15  /paimai/admin/index.php?act=setting&op=base
2017-10-15 22:07:19  /paimai/admin/index.php?act=member&op=member
2017-10-15 22:07:24  /paimai/admin/index.php?act=store&op=store
2017-10-15 22:07:29  /paimai/admin/index.php?act=store&op=store_bind_class_applay_list
2017-10-15 22:07:31  /paimai/admin/index.php?act=store&op=store
2017-10-15 22:07:34  /paimai/admin/index.php?act=goods&op=goods
2017-10-15 22:07:39  /paimai/admin/index.php?act=order&op=index
2017-10-15 22:07:40  /paimai/admin/index.php?act=setting&op=base
2017-10-15 22:07:43  /paimai/admin/index.php?act=admin&op=admin
2017-10-15 22:07:50  /paimai/admin/index.php?act=goods_class&op=goods_class
2017-10-15 22:07:52  /paimai/admin/index.php?act=store&op=store
2017-10-15 22:08:01  /paimai/admin/index.php?act=ownshop&op=list
2017-10-15 22:08:06  /paimai/admin/index.php?act=store_dengji&op=index
2017-10-15 22:08:09  /paimai/admin/index.php?act=store_joinin&op=edit_info
2017-10-15 22:08:10  /paimai/admin/index.php?act=help_store&op=help_store
2017-10-15 22:08:12  /paimai/admin/index.php?act=sns_strace&op=stracelist
2017-10-15 22:08:14  /paimai/admin/index.php?act=domain&op=store_domain_setting
2017-10-15 22:08:15  /paimai/admin/index.php?act=store_class&op=store_class
2017-10-15 22:08:16  /paimai/admin/index.php?act=store_class&op=store_class
2017-10-15 22:08:17  /paimai/admin/index.php?act=store_grade&op=store_grade
2017-10-15 22:08:19  /paimai/admin/index.php?act=store&op=store
2017-10-15 22:08:20  /paimai/admin/index.php?act=store_grade&op=store_grade
2017-10-15 22:08:23  /paimai/admin/index.php?act=store&op=store
2017-10-15 22:08:30  /paimai/admin/index.php?act=store&op=store_edit&store_id=4
2017-10-15 22:08:48  /paimai/admin/index.php?act=store&op=ckeck_store_name&store_id=4&store_name=%E6%88%91%E6%98%AF%E5%BA%97%E9%93%BA%E5%90%8D%E7%A7%B0
2017-10-15 22:08:48  /paimai/admin/index.php?act=store&op=store_edit&store_id=4
2017-10-15 22:08:50  /paimai/admin/index.php?act=store&op=store
2017-10-15 22:08:51  /paimai/admin/index.php?act=member&op=member
2017-10-15 22:08:55  /paimai/admin/index.php?act=order&op=index
2017-10-15 22:09:07  /paimai/admin/index.php?act=article_class&op=article_class
2017-10-15 22:09:10  /paimai/admin/index.php?act=operation&op=setting
2017-10-15 22:09:12  /paimai/admin/index.php?act=groupbuy&op=groupbuy_template_list
2017-10-15 22:09:14  /paimai/admin/index.php?act=miaosha&op=miaosha_template_list
2017-10-15 22:09:16  /paimai/admin/index.php?act=lepai&op=index
2017-10-15 22:10:28  /paimai/index.php?act=pointgrade&op=index
2017-10-15 22:10:28  /paimai/shop/templates/default/images/home_bg211.png
2017-10-15 22:10:30  /paimai/index.php?act=index&op=index
2017-10-15 22:10:33  /paimai/index.php?act=seller_login&op=show_login
2017-10-15 22:10:33  /paimai/index.php?act=seller_center
2017-10-15 22:10:33  /paimai/shop/templates/default/images/home_bg211.png
2017-10-15 22:10:33  /paimai/index.php?act=seller_center&op=statistics&rand=25134611
2017-10-15 22:10:42  /paimai/index.php?act=store_plate&op=index
2017-10-15 22:10:42  /paimai/shop/templates/default/images/home_bg211.png
2017-10-15 22:10:45  /paimai/index.php?act=store_goods_online&op=index
2017-10-15 22:10:45  /paimai/shop/templates/default/images/home_bg211.png
2017-10-15 22:10:53  /paimai/index.php?act=store_goods_online&op=edit_goods&commonid=43432
2017-10-15 22:10:53  /paimai/shop/templates/default/images/home_bg211.png
2017-10-15 22:11:14  /paimai/shop/index.php?act=store_goods_add&op=image_upload&upload_type_=wap_text_
2017-10-15 22:11:17  /paimai/index.php?act=store_album&op=pic_list&item=des
2017-10-15 22:11:33  /paimai/index.php?act=store_goods_online&op=edit_save_goods&inajax=1
2017-10-15 22:11:37  /paimai/index.php?act=store_goods_online&op=index
2017-10-15 22:11:38  /paimai/shop/templates/default/images/home_bg211.png
2017-10-15 22:11:41  /paimai/index.php?act=store_groupbuy&op=index
2017-10-15 22:11:43  /paimai/index.php?act=seller_center
2017-10-15 22:11:44  /paimai/index.php?act=seller_center&op=statistics&rand=25134612
2017-10-15 22:12:06  /paimai/admin/index.php?act=vipsale&op=vipsale_template_list
2017-10-15 22:12:08  /paimai/admin/index.php?act=operation&op=setting
2017-10-15 22:12:19  /paimai/admin/index.php?act=operation&op=setting
2017-10-15 22:12:21  /paimai/admin/index.php?act=operation&op=setting
2017-10-15 22:12:26  /paimai/index.php?act=store_groupbuy&op=index
2017-10-15 22:12:30  /paimai/index.php?act=store_groupbuy&op=groupbuy_add
2017-10-15 22:12:51  /paimai/index.php?act=store_groupbuy&op=search_goods&goods_name=
2017-10-15 22:12:54  /paimai/index.php?act=store_groupbuy&op=groupbuy_goods_info&goods_id=45046
2017-10-15 22:13:08  /paimai/index.php?act=store_groupbuy&op=check_groupbuy_goods&start_time=2017-10-15+22%3A12%3A30&goods_id=45046
2017-10-15 22:13:08  /paimai/shop/index.php?act=store_groupbuy&op=groupbuy_save&inajax=1
2017-10-15 22:13:11  /paimai/index.php?act=store_groupbuy
2017-10-15 22:13:16  /paimai/admin/index.php?act=groupbuy&op=groupbuy_template_list
2017-10-15 22:13:21  /paimai/admin/index.php?act=groupbuy&op=groupbuy_up&groupbuy_id=1
2017-10-15 22:13:39  /paimai/admin/index.php?act=groupbuy&op=groupbuy_up
2017-10-15 22:13:40  /paimai/admin/index.php?act=groupbuy&op=groupbuy_list
2017-10-15 22:13:47  /paimai/admin/index.php?act=groupbuy&op=groupbuy_up&groupbuy_id=1
2017-10-15 22:14:05  /paimai/admin/index.php?act=groupbuy&op=groupbuy_list
2017-10-15 22:14:07  /paimai/admin/index.php?act=groupbuy&op=groupbuy_list
2017-10-15 22:14:12  /paimai/admin/index.php?act=groupbuy&op=groupbuy_review_pass
2017-10-15 22:14:13  /paimai/admin/index.php?act=groupbuy&op=groupbuy_list
2017-10-15 22:14:19  /paimai/admin/index.php?act=miaosha&op=miaosha_template_list
2017-10-15 22:14:22  /paimai/admin/index.php?act=lepai&op=index
2017-10-15 22:14:24  /paimai/admin/index.php?act=lepai&op=songpai
2017-10-15 22:14:25  /paimai/admin/index.php?act=groupbuy&op=groupbuy_template_list
2017-10-15 22:14:35  /paimai/index.php?act=store_miaosha&op=miaosha_list
2017-10-15 22:14:36  /paimai/index.php?act=store_promotion_xianshi&op=xianshi_list
2017-10-15 22:14:38  /paimai/index.php?act=store_promotion_mansong&op=mansong_list
2017-10-15 22:14:40  /paimai/index.php?act=store_promotion_bundling&op=bundling_list
2017-10-15 22:14:41  /paimai/index.php?act=store_promotion_booth&op=booth_goods_list
2017-10-15 22:14:43  /paimai/index.php?act=store_voucher&op=templatelist
2017-10-15 22:14:45  /paimai/index.php?act=store_voucher&op=templatelist
2017-10-15 22:14:48  /paimai/index.php?act=store_activity&op=store_activity
2017-10-15 22:14:54  /paimai/index.php?act=store_activity&op=activity_apply&activity_id=6
2017-10-15 22:15:00  /paimai/shop/index.php?act=store_activity&op=activity_apply_save&inajax=1
2017-10-15 22:15:02  /paimai/index.php?act=store_activity&op=activity_apply&activity_id=6
2017-10-15 22:15:07  /paimai/admin/index.php?act=zhuantiad&op=index
2017-10-15 22:15:10  /paimai/admin/index.php?act=activity&op=activity
2017-10-15 22:15:13  /paimai/index.php?act=activity&op=index&activity_id=6
2017-10-15 22:15:15  /paimai/shop/templates/default/images/home_bg211.png
2017-10-15 22:15:15  /paimai/shop/templates/default/images/sale_banner.jpg
2017-10-15 22:15:49  /paimai/index.php?act=store_activity&op=store_activity
2017-10-15 22:15:49  /paimai/shop/templates/default/images/home_bg211.png
2017-10-15 22:15:51  /paimai/index.php?act=store_voucher&op=templatelist
2017-10-15 22:15:52  /paimai/shop/templates/default/images/home_bg211.png
2017-10-15 22:15:53  /paimai/index.php?act=store_promotion_booth&op=booth_goods_list
2017-10-15 22:15:53  /paimai/shop/templates/default/images/home_bg211.png
2017-10-15 22:16:12  /paimai/index.php?act=member_security&op=auth&type=modify_pwd
2017-10-15 22:16:13  /paimai/shop/templates/default/images/home_bg211.png
2017-10-15 22:16:15  /paimai/index.php?act=member_security&op=index
2017-10-15 22:16:31  /paimai/index.php?act=store_groupbuy&op=index
2017-10-15 22:16:32  /paimai/shop/templates/default/images/home_bg211.png
2017-10-15 22:17:42  /paimai/index.php?act=seller_center&op=index
2017-10-15 22:17:42  /paimai/shop/templates/default/images/home_bg211.png
2017-10-15 22:17:42  /paimai/index.php?act=seller_center&op=statistics&rand=25134618
2017-10-15 22:19:47  /paimai/index.php?act=store_activity&op=store_activity
2017-10-15 22:19:47  /paimai/shop/templates/default/images/home_bg211.png
2017-10-15 22:19:52  /paimai/index.php?act=store_activity&op=activity_apply&activity_id=6
2017-10-15 22:19:52  /paimai/shop/templates/default/images/home_bg211.png
2017-10-15 22:20:04  /paimai/admin/index.php?act=activity&op=activity
2017-10-15 22:20:10  /paimai/admin/index.php?act=activity&op=detail&id=6
2017-10-15 22:20:15  /paimai/admin/index.php?act=activity&op=deal&activity_detail_id=464&state=1
2017-10-15 22:20:17  /paimai/admin/index.php?act=activity&op=detail&id=6
2017-10-15 22:20:33  /paimai/shop/index.php?act=goods&goods_id=45046
2017-10-15 22:20:34  /paimai/shop/templates/default/images/home_bg211.png
2017-10-15 22:20:34  /paimai/shop/index.php?act=goods&op=get_bundling&goods_id=45046
2017-10-15 22:20:34  /paimai/shop/index.php?act=show_store&op=ajax_flowstat_record&store_id=5&goods_id=45046&act_param=goods&op_param=index
2017-10-15 22:20:34  /paimai/shop/index.php?act=goods&op=consulting&goods_id=45046&store_id=5
2017-10-15 22:20:35  /paimai/index.php?act=goods&op=comments&goods_id=45046&type=all
2017-10-15 22:20:35  /paimai/shop/index.php?act=goods&op=salelog&goods_id=45046&store_id=5&vr=0
2017-10-15 22:20:35  /paimai/shop/index.php?act=goods&op=addbrowse&gid=45046
2017-10-15 22:20:35  /paimai/shop/index.php?act=compare&op=checkcompare
2017-10-15 22:20:38  /paimai/admin/index.php?act=activity&op=activity
2017-10-15 22:20:41  /paimai/index.php?act=activity&op=index&activity_id=6
2017-10-15 22:20:43  /paimai/shop/templates/default/images/home_bg211.png
2017-10-15 22:20:43  /paimai/shop/templates/default/images/sale_banner.jpg
2017-10-15 22:20:50  /paimai/index.php?act=store_activity&op=store_activity
2017-10-15 22:20:50  /paimai/shop/templates/default/images/home_bg211.png
2017-10-15 22:20:54  /paimai/index.php?act=activity&activity_id=6
2017-10-15 22:20:55  /paimai/shop/templates/default/images/home_bg211.png
2017-10-15 22:20:55  /paimai/shop/templates/default/images/sale_banner.jpg
2017-10-15 22:21:12  /paimai/index.php?act=store_activity&op=activity_apply&activity_id=6
2017-10-15 22:21:13  /paimai/shop/templates/default/images/home_bg211.png
2017-10-15 22:21:21  /paimai/index.php?act=goods&op=index&goods_id=12400
2017-10-15 22:21:22  /paimai/shop/templates/default/images/home_bg211.png
2017-10-15 22:21:23  /paimai/index.php?act=show_store&op=ajax_flowstat_record&store_id=3&goods_id=12400&act_param=goods&op_param=index
2017-10-15 22:21:23  /paimai/index.php?act=goods&op=get_bundling&goods_id=12400
2017-10-15 22:21:23  /paimai/index.php?act=goods&op=consulting&goods_id=12400&store_id=3
2017-10-15 22:21:24  /paimai/index.php?act=goods&op=comments&goods_id=12400&type=all
2017-10-15 22:21:24  /paimai/index.php?act=goods&op=salelog&goods_id=12400&store_id=3&vr=0
2017-10-15 22:21:24  /paimai/index.php?act=goods&op=addbrowse&gid=12400
2017-10-15 22:21:24  /paimai/index.php?act=compare&op=checkcompare
2017-10-15 22:27:51  /paimai/admin/index.php?act=lepai&op=index
2017-10-15 22:27:56  /paimai/admin/index.php?act=lepai&op=adduser
2017-10-15 22:28:13  /paimai/admin/index.php?act=lepai&op=doAddUser
2017-10-15 22:28:15  /paimai/admin/index.php?act=lepai&op=adduser
2017-10-15 22:28:19  /paimai/index.php?act=store_activity&op=activity_apply&activity_id=6
2017-10-15 22:28:20  /paimai/shop/templates/default/images/home_bg211.png
2017-10-15 22:28:26  /paimai/admin/index.php?act=lepai&op=index
2017-10-15 22:28:37  /paimai/index.php?act=store_activity&op=activity_apply&activity_id=6
2017-10-15 22:28:37  /paimai/shop/templates/default/images/home_bg211.png
2017-10-15 22:29:17  /paimai/index.php?act=store_activity&op=activity_apply&activity_id=6
2017-10-15 22:29:18  /paimai/shop/templates/default/images/home_bg211.png
2017-10-15 22:29:19  /paimai/index.php?act=store_activity&op=store_activity
2017-10-15 22:29:19  /paimai/shop/templates/default/images/home_bg211.png
2017-10-15 22:29:21  /paimai/index.php?act=store_voucher&op=templatelist
2017-10-15 22:29:21  /paimai/shop/templates/default/images/home_bg211.png
2017-10-15 22:29:22  /paimai/index.php?act=store_promotion_booth&op=booth_goods_list
2017-10-15 22:29:23  /paimai/shop/templates/default/images/home_bg211.png
2017-10-15 22:29:24  /paimai/index.php?act=store_promotion_bundling&op=bundling_list
2017-10-15 22:29:24  /paimai/shop/templates/default/images/home_bg211.png
2017-10-15 22:29:25  /paimai/index.php?act=store_promotion_mansong&op=mansong_list
2017-10-15 22:29:25  /paimai/shop/templates/default/images/home_bg211.png
2017-10-15 22:29:26  /paimai/index.php?act=store_promotion_xianshi&op=xianshi_list
2017-10-15 22:29:26  /paimai/shop/templates/default/images/home_bg211.png
2017-10-15 22:29:27  /paimai/index.php?act=store_miaosha&op=miaosha_list
2017-10-15 22:29:27  /paimai/shop/templates/default/images/home_bg211.png
2017-10-15 22:29:28  /paimai/index.php?act=store_groupbuy&op=index
2017-10-15 22:29:29  /paimai/shop/templates/default/images/home_bg211.png
2017-10-15 22:29:40  /paimai/index.php?act=store_goods_add&op=index
2017-10-15 22:29:41  /paimai/shop/templates/default/images/home_bg211.png
2017-10-15 22:29:54  /paimai/index.php?act=store_goods_online&op=index
2017-10-15 22:29:54  /paimai/shop/templates/default/images/home_bg211.png
2017-10-15 22:30:02  /paimai/index.php?act=store_goods_online&op=add_gift&commonid=43432
2017-10-15 22:30:03  /paimai/shop/templates/default/images/home_bg211.png
2017-10-15 22:30:20  /paimai/index.php?act=store_activity&op=store_activity
2017-10-15 22:30:20  /paimai/shop/templates/default/images/home_bg211.png
2017-10-15 22:30:22  /paimai/index.php?act=store_activity&op=activity_apply&activity_id=6
2017-10-15 22:30:22  /paimai/shop/templates/default/images/home_bg211.png
2017-10-15 22:30:25  /paimai/index.php?act=goods&op=index&goods_id=45046
2017-10-15 22:30:26  /paimai/shop/templates/default/images/home_bg211.png
2017-10-15 22:30:26  /paimai/index.php?act=show_store&op=ajax_flowstat_record&store_id=5&goods_id=45046&act_param=goods&op_param=index
2017-10-15 22:30:26  /paimai/index.php?act=goods&op=consulting&goods_id=45046&store_id=5
2017-10-15 22:30:27  /paimai/index.php?act=goods&op=salelog&goods_id=45046&store_id=5&vr=0
2017-10-15 22:30:27  /paimai/index.php?act=goods&op=comments&goods_id=45046&type=all
2017-10-15 22:30:27  /paimai/index.php?act=goods&op=get_bundling&goods_id=45046
2017-10-15 22:30:27  /paimai/index.php?act=goods&op=addbrowse&gid=45046
2017-10-15 22:30:27  /paimai/index.php?act=compare&op=checkcompare
2017-10-15 22:30:35  /paimai/index.php?act=store_setting&op=store_setting
2017-10-15 22:30:36  /paimai/shop/templates/default/images/home_bg211.png
2017-10-15 22:30:47  /paimai/index.php?act=store_goods_offline&op=index
2017-10-15 22:30:47  /paimai/shop/templates/default/images/home_bg211.png
2017-10-15 22:30:49  /paimai/index.php?act=store_goods_online&op=index
2017-10-15 22:30:50  /paimai/shop/templates/default/images/home_bg211.png
2017-10-15 22:30:54  /paimai/index.php?act=store_goods_online&op=get_goods_list_ajax&commonid=43432
2017-10-15 22:31:12  /paimai/admin/index.php?act=activity&op=activity
2017-10-15 22:31:18  /paimai/admin/index.php?act=activity&op=edit&activity_id=6
2017-10-15 22:31:33  /paimai/admin/index.php?act=activity&op=edit&activity_id=6
2017-10-15 22:31:35  /paimai/admin/index.php?act=activity&op=activity
2017-10-15 22:31:42  /paimai/index.php?act=store_goods_online&op=index
2017-10-15 22:31:42  /paimai/shop/templates/default/images/home_bg211.png
2017-10-15 22:31:44  /paimai/index.php?act=store_goods_online&op=add_gift&commonid=43432
2017-10-15 22:31:47  /paimai/index.php?act=store_goods_online&op=add_combo&commonid=43432&ref_url=http%3A%2F%2Flocalhost%2Fpaimai%2Findex.php%3Fact%3Dstore_goods_online%26op%3Dindex
2017-10-15 22:31:48  /paimai/index.php?act=store_goods_online&op=add_gift&commonid=43432&ref_url=http%3A%2F%2Flocalhost%2Fpaimai%2Findex.php%3Fact%3Dstore_goods_online%26op%3Dindex
2017-10-15 22:31:51  /paimai/index.php?act=store_goods_online&op=search_goods
2017-10-15 22:32:03  /paimai/admin/index.php
2017-10-15 22:32:04  /paimai/admin/index.php?act=activity&op=activity
2017-10-15 22:32:17  /paimai/admin/index.php?act=miaosha&op=miaosha_template_list
2017-10-15 22:32:19  /paimai/admin/index.php?act=groupbuy&op=groupbuy_template_list
2017-10-15 22:32:24  /paimai/admin/index.php?act=groupbuy&op=groupbuy_cancel
2017-10-15 22:32:27  /paimai/admin/index.php?act=groupbuy&op=groupbuy_template_list
2017-10-15 22:32:29  /paimai/index.php?act=store_goods_offline&op=index
2017-10-15 22:32:30  /paimai/index.php?act=store_goods_online&op=index
2017-10-15 22:32:32  /paimai/index.php?act=store_goods_online&op=edit_goods&commonid=43432
2017-10-15 22:33:10  /paimai/index.php?act=store_decoration&op=decoration_setting
2017-10-15 22:35:05  /paimai/index.php?act=store_decoration&op=decoration_setting
2017-10-15 22:35:56  /paimai/admin/index.php?act=lepai&op=index
2017-10-15 22:36:05  /paimai/admin/index.php?act=lepai&op=adduser&themeid=452635
2017-10-15 22:36:10  /paimai/admin/index.php?act=lepai&op=songpai
2017-10-15 22:36:21  /paimai/admin/index.php?act=lepai&op=goods
2017-10-15 22:36:32  /paimai/admin/index.php?act=lepai&op=goods&search=&s_one=&s_two=&s_theme=&s_store=452635
2017-10-15 22:38:42  /paimai/shop/
2017-10-15 22:38:49  /paimai/
2017-10-15 22:40:06  /paimai/shop/index.php?act=show_joinin&op=index
2017-10-15 22:40:11  /paimai/index.php?act=store_joinin_c2c&op=index
2017-10-15 22:40:11  /paimai/index.php?act=seller_login
2017-10-15 22:40:12  /paimai/index.php?act=seller_center
2017-10-15 22:40:12  /paimai/shop/templates/default/images/home_bg211.png
2017-10-15 22:40:12  /paimai/index.php?act=seller_center&op=statistics&rand=25134640
2017-10-15 22:40:15  /paimai/index.php?act=store_setting&op=store_setting
2017-10-15 22:40:16  /paimai/shop/templates/default/images/home_bg211.png
2017-10-15 22:40:24  /paimai/index.php?act=store_navigation&op=navigation_list
2017-10-15 22:40:24  /paimai/shop/templates/default/images/home_bg211.png
2017-10-15 22:40:28  /paimai/index.php?act=store_navigation&op=navigation_add
2017-10-15 22:40:29  /paimai/shop/templates/default/images/home_bg211.png
2017-10-15 22:40:32  /paimai/index.php?act=store_goods_class&op=index
2017-10-15 22:40:32  /paimai/shop/templates/default/images/home_bg211.png
2017-10-15 22:40:35  /paimai/index.php?act=store_brand&op=brand_list
2017-10-15 22:40:35  /paimai/shop/templates/default/images/home_bg211.png
2017-10-15 22:40:36  /paimai/index.php?act=store_goods_class&op=index
2017-10-15 22:40:36  /paimai/shop/templates/default/images/home_bg211.png
2017-10-15 22:40:37  /paimai/index.php?act=store_goods_class&op=index&type=ok
2017-10-15 22:40:48  /paimai/index.php?act=store_groupbuy&op=index
2017-10-15 22:40:48  /paimai/shop/templates/default/images/home_bg211.png
2017-10-15 22:40:52  /paimai/index.php?act=store_miaosha&op=miaosha_list
2017-10-15 22:40:52  /paimai/shop/templates/default/images/home_bg211.png
2017-10-15 22:41:02  /paimai/index.php?act=store_activity&op=store_activity
2017-10-15 22:41:02  /paimai/shop/templates/default/images/home_bg211.png
2017-10-15 22:41:04  /paimai/index.php?act=store_voucher&op=templatelist
2017-10-15 22:41:04  /paimai/shop/templates/default/images/home_bg211.png
2017-10-15 22:41:09  /paimai/index.php?act=store_promotion_booth&op=booth_goods_list
2017-10-15 22:41:09  /paimai/shop/templates/default/images/home_bg211.png
2017-10-15 22:41:14  /paimai/index.php?act=store_promotion_bundling&op=bundling_list
2017-10-15 22:41:14  /paimai/shop/templates/default/images/home_bg211.png
2017-10-15 22:41:16  /paimai/index.php?act=store_promotion_mansong&op=mansong_list
2017-10-15 22:41:16  /paimai/shop/templates/default/images/home_bg211.png
2017-10-15 22:41:19  /paimai/index.php?act=store_promotion_xianshi&op=xianshi_list
2017-10-15 22:41:19  /paimai/shop/templates/default/images/home_bg211.png
2017-10-15 22:41:21  /paimai/index.php?act=store_miaosha&op=miaosha_list
2017-10-15 22:41:22  /paimai/shop/templates/default/images/home_bg211.png
2017-10-15 22:42:36  /paimai/index.php?act=seller_center&op=index
2017-10-15 22:42:36  /paimai/shop/templates/default/images/home_bg211.png
2017-10-15 22:42:37  /paimai/index.php?act=seller_center&op=statistics&rand=25134643
2017-10-15 23:05:55  /paimai/index.php?act=statistics_general&op=general
2017-10-15 23:05:57  /paimai/shop/templates/default/images/home_bg211.png
2017-10-15 23:06:10  /paimai/shop/index.php?act=index&op=viewed_info
2017-10-15 23:06:13  /paimai/lepai/
2017-10-15 23:07:06  /paimai/lepai/index.php?act=adminindex
2017-10-15 23:07:07  /paimai/lepai/index.php?act=adminindex
2017-10-15 23:07:22  /paimai/lepai/index.php?act=adminGoods&op=index
2017-10-15 23:07:22  /paimai/lepai/index.php?act=adminGoods&op=index
2017-10-15 23:07:24  /paimai/lepai/index.php?act=adminGoods&op=goods_release
2017-10-15 23:07:25  /paimai/lepai/index.php?act=adminGoods&op=goods_release
2017-10-15 23:07:47  /paimai/lepai/index.php?act=adminTheme&op=ajaxUpload
2017-10-15 23:07:55  /paimai/lepai/index.php?act=adminTheme&op=ajaxUpload
2017-10-15 23:08:00  /paimai/lepai/index.php?act=adminTheme&op=ajaxUpload
2017-10-15 23:08:09  /paimai/lepai/index.php?act=adminTheme&op=ajaxUpload
2017-10-15 23:08:55  /paimai/lepai/index.php?act=adminGoods&op=goods_add
2017-10-15 23:08:58  /paimai/lepai/index.php?act=adminGoods&op=goods_release
2017-10-15 23:08:58  /paimai/lepai/index.php?act=adminGoods&op=goods_release
2017-10-15 23:09:04  /paimai/lepai/index.php?act=adminReport&op=index
2017-10-15 23:09:04  /paimai/lepai/index.php?act=adminReport&op=index
2017-10-15 23:09:07  /paimai/lepai/index.php?act=adminTheme&op=index
2017-10-15 23:09:07  /paimai/lepai/index.php?act=adminTheme&op=index
2017-10-15 23:09:10  /paimai/lepai/index.php?act=adminGoods&op=index
2017-10-15 23:09:10  /paimai/lepai/index.php?act=adminGoods&op=index
2017-10-15 23:09:13  /paimai/lepai/index.php?act=adminGoods&op=add_goods&themeid=1
2017-10-15 23:09:21  /paimai/lepai/index.php?act=adminGoods&op=index
2017-10-15 23:09:21  /paimai/lepai/index.php?act=adminGoods&op=index
2017-10-15 23:09:24  /paimai/lepai/index.php?act=adminTheme&op=index
2017-10-15 23:09:25  /paimai/lepai/index.php?act=adminTheme&op=index
2017-10-15 23:09:26  /paimai/lepai/index.php?act=adminTheme&op=theme_add
2017-10-15 23:09:26  /paimai/lepai/index.php?act=adminTheme&op=theme_add
2017-10-15 23:10:42  /paimai/lepai/index.php?act=adminTheme&op=ajaxUpload
2017-10-15 23:10:47  /paimai/lepai/index.php?act=adminTheme&op=ajaxUpload
2017-10-15 23:11:47  /paimai/lepai/index.php?act=adminTheme&op=do_add
2017-10-15 23:11:49  /paimai/lepai/index.php?act=adminTheme&op=theme_add
2017-10-15 23:11:50  /paimai/lepai/index.php?act=adminTheme&op=theme_add
2017-10-15 23:12:26  /paimai/lepai/index.php?act=adminTheme&op=ajaxUpload
2017-10-15 23:12:29  /paimai/lepai/index.php?act=adminTheme&op=ajaxUpload
2017-10-15 23:12:38  /paimai/lepai/index.php?act=adminTheme&op=do_add
2017-10-15 23:12:40  /paimai/lepai/index.php?act=adminTheme&op=theme_add
2017-10-15 23:12:41  /paimai/lepai/index.php?act=adminTheme&op=theme_add
2017-10-15 23:13:15  /paimai/lepai/index.php?act=adminTheme&op=ajaxUpload
2017-10-15 23:13:17  /paimai/lepai/index.php?act=adminTheme&op=ajaxUpload
2017-10-15 23:13:25  /paimai/lepai/index.php?act=adminTheme&op=do_add
2017-10-15 23:13:27  /paimai/lepai/index.php?act=adminTheme&op=theme_add
2017-10-15 23:13:28  /paimai/lepai/index.php?act=adminTheme&op=theme_add
2017-10-15 23:14:03  /paimai/lepai/index.php?act=adminTheme&op=ajaxUpload
2017-10-15 23:14:06  /paimai/lepai/index.php?act=adminTheme&op=ajaxUpload
2017-10-15 23:14:24  /paimai/lepai/index.php?act=adminTheme&op=do_add
2017-10-15 23:14:26  /paimai/lepai/index.php?act=adminTheme&op=theme_add
2017-10-15 23:14:27  /paimai/lepai/index.php?act=adminTheme&op=theme_add
2017-10-15 23:14:30  /paimai/lepai/index.php?act=adminTheme&op=theme_add
2017-10-15 23:14:31  /paimai/lepai/index.php?act=adminTheme&op=theme_add
2017-10-15 23:14:33  /paimai/lepai/index.php?act=adminTheme&op=index
2017-10-15 23:14:33  /paimai/lepai/index.php?act=adminTheme&op=index
2017-10-15 23:14:36  /paimai/lepai/index.php?act=adminTheme&op=push_tisheng&type=1&id=1
2017-10-15 23:14:39  /paimai/lepai/index.php?act=adminTheme&op=index
2017-10-15 23:14:39  /paimai/lepai/index.php?act=adminTheme&op=index
2017-10-15 23:14:44  /paimai/lepai/index.php?act=adminTheme&op=add_goods&themeid=1
2017-10-15 23:14:47  /paimai/lepai/index.php?act=adminGoods&y=u&op=doThemeGoods&themeid=1&goodsid=1
2017-10-15 23:14:50  /paimai/lepai/index.php?act=adminTheme&op=add_goods&themeid=1
2017-10-15 23:14:56  /paimai/lepai/index.php?act=adminTheme&op=index
2017-10-15 23:14:57  /paimai/lepai/index.php?act=adminTheme&op=index
2017-10-15 23:15:08  /paimai/admin/index.php?act=lepai&op=goods&search=&s_one=&s_two=&s_theme=&s_store=452635
2017-10-15 23:15:10  /paimai/admin/index.php?act=lepai&op=songpai
2017-10-15 23:15:11  /paimai/admin/index.php?act=lepai&op=goods
2017-10-15 23:15:22  /paimai/admin/index.php?act=lepai&op=upGoods&goodsid=1
2017-10-15 23:15:31  /paimai/admin/index.php?act=lepai&op=doUpGoods
2017-10-15 23:15:33  /paimai/admin/index.php?act=lepai&op=upGoods&goodsid=1
2017-10-15 23:15:36  /paimai/admin/index.php?act=lepai&op=index
2017-10-15 23:15:39  /paimai/admin/index.php?act=lepai&op=theme
2017-10-15 23:15:41  /paimai/admin/index.php?act=lepai&op=goods
2017-10-15 23:15:53  /paimai/lepai/
2017-10-15 23:16:09  /paimai/admin/index.php?act=lepai&op=BaoMingLog&goodsid=1
2017-10-15 23:16:15  /paimai/admin/index.php?act=lepai&op=goods
2017-10-15 23:16:17  /paimai/admin/index.php?act=lepai&op=upGoods&goodsid=1
2017-10-15 23:16:28  /paimai/admin/index.php?act=lepai&op=doUpGoods
2017-10-15 23:16:30  /paimai/admin/index.php?act=lepai&op=upGoods&goodsid=1
2017-10-15 23:16:35  /paimai/lepai/index.php?act=adminGoods&op=index
2017-10-15 23:16:36  /paimai/lepai/index.php?act=adminGoods&op=index
2017-10-15 23:16:43  /paimai/lepai/index.php?act=adminTheme&op=index
2017-10-15 23:16:44  /paimai/lepai/index.php?act=adminTheme&op=index
2017-10-15 23:16:51  /paimai/lepai/index.php?act=adminTheme&op=push_tisheng&type=1&id=1
2017-10-15 23:16:53  /paimai/lepai/index.php?act=adminTheme&op=index
2017-10-15 23:16:53  /paimai/lepai/index.php?act=adminTheme&op=index
2017-10-15 23:17:02  /paimai/lepai/index.php?act=adminTheme&op=add_goods&themeid=1
2017-10-15 23:17:15  /paimai/lepai/index.php?act=adminTheme&op=index
2017-10-15 23:17:16  /paimai/lepai/index.php?act=adminTheme&op=index
2017-10-15 23:17:17  /paimai/lepai/index.php
2017-10-15 23:19:22  /paimai/lepai/
2017-10-15 23:19:26  /paimai/admin/index.php?act=lepai&op=index
2017-10-15 23:19:28  /paimai/admin/index.php?act=lepai&op=theme
2017-10-15 23:19:32  /paimai/admin/index.php?act=lepai&op=pushTheme&themeid=1
2017-10-15 23:19:33  /paimai/admin/index.php?act=lepai&op=theme
2017-10-15 23:19:36  /paimai/lepai/
2017-10-15 23:19:45  /paimai/lepai/index.php?act=index&op=auction&id=1
2017-10-15 23:19:46  /paimai/lepai/index.php?act=index&op=ajaxChuJiaLog&id=1&pagenum=1
2017-10-15 23:19:52  /paimai/lepai/index.php?act=index&op=ajaxbaoming
2017-10-15 23:19:54  /paimai/index.php?act=predeposit&op=recharge_add
2017-10-15 23:19:55  /paimai/shop/templates/default/images/home_bg211.png
2017-10-15 23:20:01  /paimai/index.php
2017-10-15 23:20:01  /paimai/index.php?act=buy&op=pd_pay&pay_sn=330561424801486636
2017-10-15 23:20:07  /paimai/index.php?act=payment&op=pd_order
