2017-03-22 11:13:00  /paimai/
2017-03-22 11:13:05  /paimai/shop/templates/default/images/home_bg211.png
2017-03-22 11:13:07  /paimai/admin/
2017-03-22 11:13:07  /paimai/admin/index.php?act=login&op=login
2017-03-22 11:13:07  /paimai/admin/index.php?act=seccode&op=makecode&admin=1&nchash=6abe3f35
2017-03-22 11:13:16  /paimai/admin/index.php?act=login&op=login
2017-03-22 11:13:16  /paimai/admin/index.php?act=login&op=login
2017-03-22 11:13:18  /paimai/admin/index.php?act=login&op=login
2017-03-22 11:13:19  /paimai/admin/index.php?act=seccode&op=makecode&admin=1&nchash=6abe3f35
2017-03-22 11:14:05  /paimai/admin/index.php?act=login&op=login
2017-03-22 11:14:07  /paimai/admin/index.php?act=login&op=login
2017-03-22 11:14:07  /paimai/admin/index.php?act=seccode&op=makecode&admin=1&nchash=6abe3f35
2017-03-22 11:14:29  /paimai/admin/index.php?act=login&op=login
2017-03-22 11:14:29  /paimai/admin/index.php
2017-03-22 11:14:29  /paimai/admin/index.php?act=dashboard&op=welcome
2017-03-22 11:14:30  /paimai/admin/index.php?act=dashboard&op=statistics
2017-03-22 11:14:53  /paimai/admin/index.php?act=goods_class&op=goods_class
2017-03-22 11:14:53  /paimai/admin/index.php?act=article_class&op=article_class
2017-03-22 11:14:53  /paimai/admin/index.php?act=operation&op=setting
2017-03-22 11:14:53  /paimai/admin/index.php?act=miaosha&op=miaosha_template_list
2017-03-22 11:14:53  /paimai/admin/index.php?act=lepai&op=index
2017-03-22 11:15:14  /paimai/admin/index.php?act=lepai&op=goods
2017-03-22 11:15:17  /paimai/admin/index.php?act=lepai&op=theme
2017-03-22 11:15:18  /paimai/admin/index.php?act=lepai&op=index
2017-03-22 11:16:20  /paimai/admin/index.php?act=lepai&op=theme
2017-03-22 11:16:31  /paimai/admin/index.php?act=activity&op=activity
2017-03-22 11:16:36  /paimai/admin/index.php?act=activity&op=new
2017-03-22 11:16:47  /paimai/admin/index.php?act=toupiao&op=index
2017-03-22 11:16:51  /paimai/admin/index.php?act=toupiao&op=end_toupiao&id=90
2017-03-22 11:17:02  /paimai/admin/index.php?act=lepai&op=index
2017-03-22 11:17:04  /paimai/admin/index.php?act=lepai&op=songpai
2017-03-22 11:17:06  /paimai/admin/index.php?act=lepai&op=goods
2017-03-22 11:17:07  /paimai/admin/index.php?act=lepai&op=theme
2017-03-22 11:17:09  /paimai/admin/index.php?act=lepai&op=order
2017-03-22 11:17:11  /paimai/admin/index.php?act=lepai&op=index
2017-03-22 11:17:14  /paimai/admin/index.php?act=goods_class&op=goods_class
2017-03-22 11:17:19  /paimai/admin/index.php?act=store&op=store
2017-03-22 11:17:21  /paimai/admin/index.php?act=member&op=member
2017-03-22 11:17:25  /paimai/admin/index.php?act=operation&op=setting
2017-03-22 11:17:26  /paimai/admin/index.php?act=article_class&op=article_class
2017-03-22 11:17:30  /paimai/admin/index.php?act=artist_web&op=artist_web
2017-03-22 11:17:31  /paimai/admin/index.php?act=artist&op=artist
2017-03-22 11:17:34  /paimai/admin/index.php?act=web_config&op=web_config
2017-03-22 11:17:37  /paimai/admin/index.php?act=adv&op=ap_manage
2017-03-22 11:17:40  /paimai/admin/index.php?act=cms_manage&op=cms_manage
2017-03-22 11:17:42  /paimai/admin/index.php?act=cms_special&op=cms_special_list
2017-03-22 11:17:45  /paimai/shop/index.php?act=special&op=special_detail&special_id=7
2017-03-22 11:17:46  /paimai/shop/templates/default/images/home_bg211.png
2017-03-22 11:17:49  /paimai/admin/index.php?act=cms_special&op=cms_special_add
2017-03-22 11:17:50  /paimai/admin/index.php?act=cms_special&op=cms_special_add
2017-03-22 11:17:58  /paimai/admin/index.php?act=cms_manage&op=cms_manage
2017-03-22 11:18:00  /paimai/admin/index.php?act=order&op=index
2017-03-22 11:18:02  /paimai/admin/index.php?act=lepai_order&op=index
2017-03-22 11:18:06  /paimai/admin/index.php?act=member&op=member
2017-03-22 11:18:08  /paimai/admin/index.php?act=store&op=store
2017-03-22 11:18:09  /paimai/admin/index.php?act=goods_class&op=goods_class
2017-03-22 11:18:11  /paimai/admin/index.php?act=article_class&op=article_class
2017-03-22 11:18:13  /paimai/admin/index.php?act=operation&op=setting
2017-03-22 11:18:19  /paimai/admin/index.php?act=miaosha&op=miaosha_template_list
2017-03-22 11:18:23  /paimai/admin/index.php?act=lepai&op=index
2017-03-22 11:18:31  /paimai/admin/index.php?act=dashboard&op=welcome
2017-03-22 11:18:31  /paimai/admin/index.php?act=dashboard&op=statistics
2017-03-22 11:18:57  /paimai/admin/index.php?act=setting&op=base
2017-03-22 11:19:01  /paimai/admin/index.php?act=member&op=member
2017-03-22 11:19:03  /paimai/admin/index.php?act=order&op=index
2017-03-22 11:19:07  /paimai/
2017-03-22 11:19:09  /paimai/shop/templates/default/images/home_bg211.png
2017-03-22 11:20:12  /paimai/shop/index.php?act=index&op=viewed_info
2017-03-22 11:20:16  /paimai/index.php?act=seller_login&op=show_login
2017-03-22 11:20:16  /paimai/index.php?act=seccode&op=makecode&nchash=057389db
2017-03-22 11:20:32  /paimai/index.php?act=seccode&op=check&nchash=057389db&captcha=be8
2017-03-22 11:20:32  /paimai/index.php?act=seccode&op=makecode&nchash=057389db&t=0.4044910604561025
2017-03-22 11:20:38  /paimai/index.php?act=seccode&op=check&nchash=057389db&captcha=24re
2017-03-22 11:20:38  /paimai/index.php?act=seller_login&op=login
2017-03-22 11:20:40  /paimai/index.php?act=seller_login&op=show_login
2017-03-22 11:20:40  /paimai/index.php?act=seccode&op=makecode&nchash=057389db
2017-03-22 11:21:31  /paimai/index.php?act=seccode&op=check&nchash=057389db&captcha=2yrc
2017-03-22 11:21:31  /paimai/index.php?act=seller_login&op=login
2017-03-22 11:21:38  /paimai/index.php?act=seller_center
2017-03-22 11:21:46  /paimai/index.php?act=seller_center&op=statistics&rand=24835882
2017-03-22 11:22:19  /paimai/index.php?act=store_miaosha&op=miaosha_list
2017-03-22 11:22:26  /paimai/index.php?act=store_miaosha&op=miaosha_list
2017-03-22 11:22:34  /paimai/index.php?act=store_goods_add&op=index
2017-03-22 11:22:42  /paimai/index.php?act=store_api&op=index
2017-03-22 11:22:58  /paimai/index.php?act=store_api&op=index
2017-03-22 11:23:12  /paimai/
2017-03-22 11:23:14  /paimai/shop/templates/default/images/home_bg211.png
2017-03-22 11:23:15  /paimai/shop/templates/default/images/home_bg211.png
2017-03-22 11:23:20  /paimai/index.php?act=store_api&op=api_add
2017-03-22 11:23:30  /paimai/index.php?act=store_api&op=index
2017-03-22 11:24:01  /paimai/index.php?act=store_groupbuy&op=index
2017-03-22 14:10:01  /paimai/
2017-03-22 14:10:10  /paimai/shop/templates/default/images/home_bg211.png
2017-03-22 14:10:12  /paimai/admin/
2017-03-22 14:10:12  /paimai/admin/index.php?act=login&op=login
2017-03-22 14:10:13  /paimai/admin/index.php?act=seccode&op=makecode&admin=1&nchash=6abe3f35
2017-03-22 14:10:22  /paimai/admin/index.php?act=login&op=login
2017-03-22 14:10:22  /paimai/admin/index.php
2017-03-22 14:10:23  /paimai/admin/index.php?act=lepai&op=index
2017-03-22 14:10:28  /paimai/admin/index.php?act=setting&op=base
2017-03-22 14:10:30  /paimai/admin/index.php?act=db&op=db
2017-03-22 14:10:33  /paimai/admin/index.php?act=db&op=db_restore
2017-03-22 14:10:35  /paimai/admin/index.php?act=db&op=db
