2017-10-16 21:17:57  /paimai/lepai/index.php?act=adminindex
2017-10-16 21:17:58  /paimai/lepai/index.php?act=adminindex
2017-10-16 21:18:25  /paimai/lepai/index.php?act=adminindex
2017-10-16 21:18:25  /paimai/lepai/index.php?act=login&ref_url=%2Fpaimai%2Flepai%2Findex.php%3Fact%3Dadminindex
2017-10-16 21:18:27  /paimai/shop/index.php?act=seccode&op=makecode&nchash=cf2c50c1
2017-10-16 21:18:39  /paimai/shop/index.php?act=seccode&op=check&nchash=cf2c50c1&captcha=eea3
2017-10-16 21:18:41  /paimai/lepai/index.php?act=login&op=login
2017-10-16 21:18:42  /paimai/lepai/index.php?act=adminindex
2017-10-16 21:18:42 127.0.0.1 /paimai/lepai/index.php?act=adminindex
2017-10-16 21:18:42 127.0.0.1 /paimai/lepai/index.php?act=login&ref_url=%2Fpaimai%2Flepai%2Findex.php%3Fact%3Dadminindex
2017-10-16 21:18:52  /paimai/lepai/index.php?act=adminOrder&op=index
2017-10-16 21:18:53 127.0.0.1 /paimai/lepai/index.php?act=adminOrder&op=index
2017-10-16 21:18:53 127.0.0.1 /paimai/lepai/index.php?act=login&ref_url=%2Fpaimai%2Flepai%2Findex.php%3Fact%3DadminOrder%26op%3Dindex
2017-10-16 21:19:08  /paimai/lepai/index.php
2017-10-16 21:19:10  /paimai/lepai/index.php?act=member_security&op=ajaxGetWxewm&_=1508159950318
2017-10-16 21:19:16  /paimai/lepai/index.php?act=index&op=theme&tid=1
2017-10-16 21:19:34  /paimai/lepai/index.php
2017-10-16 21:21:14  /paimai/lepai/index.php?act=adminOrder&op=index
2017-10-16 21:21:15 127.0.0.1 /paimai/lepai/index.php?act=adminOrder&op=index
2017-10-16 21:21:15 127.0.0.1 /paimai/lepai/index.php?act=login&ref_url=%2Fpaimai%2Flepai%2Findex.php%3Fact%3DadminOrder%26op%3Dindex
2017-10-16 21:21:16  /paimai/lepai/index.php?act=adminGoods&op=index
2017-10-16 21:21:17 127.0.0.1 /paimai/lepai/index.php?act=adminGoods&op=index
2017-10-16 21:21:17 127.0.0.1 /paimai/lepai/index.php?act=login&ref_url=%2Fpaimai%2Flepai%2Findex.php%3Fact%3DadminGoods%26op%3Dindex
2017-10-16 21:21:22  /paimai/lepai/index.php?act=adminGoods&op=goods_release
2017-10-16 21:21:23 127.0.0.1 /paimai/lepai/index.php?act=adminGoods&op=goods_release
2017-10-16 21:21:23 127.0.0.1 /paimai/lepai/index.php?act=login&ref_url=%2Fpaimai%2Flepai%2Findex.php%3Fact%3DadminGoods%26op%3Dgoods_release
2017-10-16 21:21:48  /paimai/lepai/index.php?act=adminIndex&op=index
2017-10-16 21:21:49 127.0.0.1 /paimai/lepai/index.php?act=adminIndex&op=index
2017-10-16 21:21:49 127.0.0.1 /paimai/lepai/index.php?act=login&ref_url=%2Fpaimai%2Flepai%2Findex.php%3Fact%3DadminIndex%26op%3Dindex
2017-10-16 21:21:57  /paimai/lepai/index.php?act=adminOrder&op=index
2017-10-16 21:21:57 127.0.0.1 /paimai/lepai/index.php?act=adminOrder&op=index
2017-10-16 21:21:57 127.0.0.1 /paimai/lepai/index.php?act=login&ref_url=%2Fpaimai%2Flepai%2Findex.php%3Fact%3DadminOrder%26op%3Dindex
2017-10-16 21:21:59  /paimai/lepai/index.php?act=adminReport&op=index
2017-10-16 21:21:59 127.0.0.1 /paimai/lepai/index.php?act=adminReport&op=index
2017-10-16 21:21:59 127.0.0.1 /paimai/lepai/index.php?act=login&ref_url=%2Fpaimai%2Flepai%2Findex.php%3Fact%3DadminReport%26op%3Dindex
2017-10-16 21:22:03  /paimai/lepai/index.php?act=adminTheme&op=index
2017-10-16 21:22:04 127.0.0.1 /paimai/lepai/index.php?act=adminTheme&op=index
2017-10-16 21:22:04 127.0.0.1 /paimai/lepai/index.php?act=login&ref_url=%2Fpaimai%2Flepai%2Findex.php%3Fact%3DadminTheme%26op%3Dindex
2017-10-16 21:22:35  /paimai/lepai/index.php?act=adminGoods&op=index
2017-10-16 21:22:35 127.0.0.1 /paimai/lepai/index.php?act=adminGoods&op=index
2017-10-16 21:22:35 127.0.0.1 /paimai/lepai/index.php?act=login&ref_url=%2Fpaimai%2Flepai%2Findex.php%3Fact%3DadminGoods%26op%3Dindex
2017-10-16 21:22:36  /paimai/lepai/index.php?act=adminGoods&op=goods_release
2017-10-16 21:22:36 127.0.0.1 /paimai/lepai/index.php?act=adminGoods&op=goods_release
2017-10-16 21:22:36 127.0.0.1 /paimai/lepai/index.php?act=login&ref_url=%2Fpaimai%2Flepai%2Findex.php%3Fact%3DadminGoods%26op%3Dgoods_release
2017-10-16 21:22:52  /paimai/lepai/index.php?act=adminTheme&op=ajaxUpload
2017-10-16 21:23:00  /paimai/lepai/index.php?act=adminTheme&op=ajaxUpload
2017-10-16 21:23:05  /paimai/lepai/index.php?act=adminTheme&op=ajaxUpload
2017-10-16 21:23:40  /paimai/lepai/index.php?act=adminGoods&op=goods_add
2017-10-16 21:23:43  /paimai/lepai/index.php?act=adminGoods&op=goods_release
2017-10-16 21:23:43 127.0.0.1 /paimai/lepai/index.php?act=adminGoods&op=goods_release
2017-10-16 21:23:43 127.0.0.1 /paimai/lepai/index.php?act=login&ref_url=%2Fpaimai%2Flepai%2Findex.php%3Fact%3DadminGoods%26op%3Dgoods_release
2017-10-16 21:23:58  /paimai/lepai/index.php?act=adminTheme&op=ajaxUpload
2017-10-16 21:24:03  /paimai/lepai/index.php?act=adminTheme&op=ajaxUpload
2017-10-16 21:24:11  /paimai/lepai/index.php?act=adminTheme&op=ajaxUpload
2017-10-16 21:24:55  /paimai/lepai/index.php?act=adminGoods&op=goods_add
2017-10-16 21:24:58  /paimai/lepai/index.php?act=adminGoods&op=goods_release
2017-10-16 21:24:58 127.0.0.1 /paimai/lepai/index.php?act=adminGoods&op=goods_release
2017-10-16 21:24:58 127.0.0.1 /paimai/lepai/index.php?act=login&ref_url=%2Fpaimai%2Flepai%2Findex.php%3Fact%3DadminGoods%26op%3Dgoods_release
2017-10-16 21:27:08  /paimai/lepai/index.php?act=adminGoods&op=index
2017-10-16 21:27:08  /paimai/lepai/index.php?act=adminGoods&op=index
2017-10-16 21:27:16  /paimai/lepai/index.php?act=adminGoods&op=index&curpage=2
2017-10-16 21:27:17  /paimai/lepai/index.php?act=adminGoods&op=index&curpage=2
2017-10-16 21:27:47  /paimai/lepai/index.php?act=adminGoods&op=add_goods&themeid=2
2017-10-16 21:28:08  /paimai/lepai/index.php?act=adminGoods&op=index&curpage=2
2017-10-16 21:28:09  /paimai/lepai/index.php?act=adminGoods&op=index&curpage=2
2017-10-16 21:28:12  /paimai/lepai/index.php?act=adminGoods&op=add_goods&themeid=2
2017-10-16 21:28:25  /paimai/lepai/index.php?act=adminGoods&op=index&curpage=2
2017-10-16 21:28:26  /paimai/lepai/index.php?act=adminGoods&op=index&curpage=2
2017-10-16 21:28:27  /paimai/lepai/index.php?act=adminTheme&op=index
2017-10-16 21:28:28  /paimai/lepai/index.php?act=adminTheme&op=index
2017-10-16 21:28:46  /paimai/lepai/index.php?act=adminTheme&op=theme_add
2017-10-16 21:28:47  /paimai/lepai/index.php?act=adminTheme&op=theme_add
2017-10-16 21:29:30  /paimai/lepai/index.php?act=adminTheme&op=ajaxUpload
2017-10-16 21:29:36  /paimai/lepai/index.php?act=adminTheme&op=ajaxUpload
2017-10-16 21:29:59  /paimai/lepai/index.php?act=adminTheme&op=do_add
2017-10-16 21:30:02  /paimai/lepai/index.php?act=adminTheme&op=theme_add
2017-10-16 21:30:03  /paimai/lepai/index.php?act=adminTheme&op=theme_add
2017-10-16 21:30:34  /paimai/lepai/index.php?act=adminTheme&op=ajaxUpload
2017-10-16 21:30:37  /paimai/lepai/index.php?act=adminTheme&op=ajaxUpload
2017-10-16 21:30:44  /paimai/lepai/index.php?act=adminTheme&op=do_add
2017-10-16 21:30:47  /paimai/lepai/index.php?act=adminTheme&op=theme_add
2017-10-16 21:30:48  /paimai/lepai/index.php?act=adminTheme&op=theme_add
2017-10-16 21:31:12  /paimai/lepai/index.php?act=adminTheme&op=ajaxUpload
2017-10-16 21:31:16  /paimai/lepai/index.php?act=adminTheme&op=ajaxUpload
2017-10-16 21:31:27  /paimai/lepai/index.php?act=adminTheme&op=do_add
2017-10-16 21:31:30  /paimai/lepai/index.php?act=adminTheme&op=theme_add
2017-10-16 21:31:31  /paimai/lepai/index.php?act=adminTheme&op=theme_add
2017-10-16 21:31:31  /paimai/lepai/index.php?act=adminGoods&op=index
2017-10-16 21:31:32  /paimai/lepai/index.php?act=adminGoods&op=index
2017-10-16 21:31:34  /paimai/lepai/index.php?act=adminGoods&op=add_goods&themeid=13
2017-10-16 21:31:42  /paimai/lepai/index.php?act=adminGoods&op=index
2017-10-16 21:31:43  /paimai/lepai/index.php?act=adminGoods&op=index
2017-10-16 21:31:46  /paimai/lepai/index.php?act=adminTheme&op=index
2017-10-16 21:31:46  /paimai/lepai/index.php?act=adminTheme&op=index
2017-10-16 21:31:53  /paimai/lepai/index.php?act=adminTheme&op=add_goods&themeid=2
2017-10-16 21:31:56  /paimai/lepai/index.php?act=adminGoods&y=u&op=doThemeGoods&themeid=2&goodsid=13
2017-10-16 21:31:58  /paimai/lepai/index.php?act=adminTheme&op=add_goods&themeid=2
2017-10-16 21:32:03  /paimai/lepai/index.php?act=adminGoods&y=u&op=doThemeGoods&themeid=2&goodsid=12
2017-10-16 21:32:06  /paimai/lepai/index.php?act=adminTheme&op=add_goods&themeid=2
2017-10-16 21:32:09  /paimai/lepai/index.php?act=adminGoods&y=u&op=doThemeGoods&themeid=2&goodsid=11
2017-10-16 21:32:11  /paimai/lepai/index.php?act=adminTheme&op=add_goods&themeid=2
2017-10-16 21:32:14  /paimai/lepai/index.php?act=adminGoods&y=u&op=doThemeGoods&themeid=2&goodsid=10
2017-10-16 21:32:16  /paimai/lepai/index.php?act=adminTheme&op=add_goods&themeid=2
2017-10-16 21:32:33  /paimai/lepai/index.php?act=adminGoods&y=u&op=doThemeGoods&themeid=2&goodsid=9
2017-10-16 21:32:36  /paimai/lepai/index.php?act=adminTheme&op=add_goods&themeid=2
2017-10-16 21:32:39  /paimai/lepai/index.php?act=adminGoods&y=u&op=doThemeGoods&themeid=2&goodsid=8
2017-10-16 21:32:41  /paimai/lepai/index.php?act=adminTheme&op=add_goods&themeid=2
2017-10-16 21:32:43  /paimai/lepai/index.php?act=adminGoods&y=u&op=doThemeGoods&themeid=2&goodsid=7
2017-10-16 21:32:46  /paimai/lepai/index.php?act=adminTheme&op=add_goods&themeid=2
2017-10-16 21:32:49  /paimai/lepai/index.php?act=adminGoods&y=u&op=doThemeGoods&themeid=2&goodsid=6
2017-10-16 21:32:51  /paimai/lepai/index.php?act=adminTheme&op=add_goods&themeid=2
2017-10-16 21:32:53  /paimai/lepai/index.php?act=adminGoods&y=u&op=doThemeGoods&themeid=2&goodsid=5
2017-10-16 21:32:56  /paimai/lepai/index.php?act=adminTheme&op=add_goods&themeid=2
2017-10-16 21:32:58  /paimai/lepai/index.php?act=adminGoods&y=u&op=doThemeGoods&themeid=2&goodsid=4
2017-10-16 21:33:01  /paimai/lepai/index.php?act=adminTheme&op=add_goods&themeid=2
2017-10-16 21:33:11  /paimai/lepai/index.php?act=adminGoods&y=u&op=doThemeGoods&themeid=2&goodsid=2
2017-10-16 21:33:13  /paimai/lepai/index.php?act=adminTheme&op=add_goods&themeid=2
2017-10-16 21:35:05  /paimai/lepai/index.php?act=adminTheme&op=index
2017-10-16 21:35:06  /paimai/lepai/index.php?act=adminTheme&op=index
2017-10-16 21:35:08  /paimai/lepai/index.php?act=adminTheme&op=add_goods&themeid=2
2017-10-16 21:35:21  /paimai/lepai/index.php?act=adminTheme&op=index
2017-10-16 21:35:21  /paimai/lepai/index.php?act=adminTheme&op=index
2017-10-16 21:35:23  /paimai/lepai/index.php?act=adminTheme&op=add_goods&themeid=2
2017-10-16 21:35:59  /paimai/lepai/index.php?act=adminTheme&op=index
2017-10-16 21:35:59  /paimai/lepai/index.php?act=adminTheme&op=index
2017-10-16 21:36:01  /paimai/lepai/index.php?act=adminTheme&op=add_goods&themeid=2
2017-10-16 21:42:05  /paimai/lepai/index.php?act=adminTheme&op=add_goods&themeid=2
2017-10-16 21:42:24  /paimai/lepai/index.php?act=adminTheme&op=index
2017-10-16 21:42:25  /paimai/lepai/index.php?act=adminTheme&op=index
2017-10-16 21:42:27  /paimai/lepai/index.php?act=adminTheme&op=add_goods&themeid=2
2017-10-16 21:43:34  /paimai/lepai/index.php?act=adminTheme&op=add_goods&themeid=2
2017-10-16 21:43:38  /paimai/lepai/index.php?act=adminTheme&op=index
2017-10-16 21:43:39  /paimai/lepai/index.php?act=adminTheme&op=index
2017-10-16 21:43:40  /paimai/lepai/index.php?act=adminTheme&op=add_goods&themeid=2
2017-10-16 21:45:21  /paimai/lepai/index.php?act=adminTheme&op=index
2017-10-16 21:45:22  /paimai/lepai/index.php?act=adminTheme&op=index
2017-10-16 21:45:23  /paimai/lepai/index.php?act=adminTheme&op=add_goods&themeid=2
2017-10-16 21:45:56  /paimai/lepai/index.php?act=adminTheme&op=index
2017-10-16 21:45:56  /paimai/lepai/index.php?act=adminTheme&op=index
2017-10-16 21:45:59  /paimai/lepai/index.php?act=adminTheme&op=add_goods&themeid=2
2017-10-16 21:47:09  /paimai/lepai/index.php?act=adminTheme&op=index
2017-10-16 21:47:09  /paimai/lepai/index.php?act=adminTheme&op=index
2017-10-16 21:47:13  /paimai/lepai/index.php?act=adminTheme&op=add_goods&themeid=2
2017-10-16 21:47:53  /paimai/lepai/index.php?act=adminTheme&op=index
2017-10-16 21:47:54  /paimai/lepai/index.php?act=adminTheme&op=index
2017-10-16 21:47:55  /paimai/lepai/index.php?act=adminTheme&op=add_goods&themeid=2
2017-10-16 21:48:02  /paimai/lepai/index.php?act=adminTheme&op=index
2017-10-16 21:48:03  /paimai/lepai/index.php?act=adminTheme&op=index
2017-10-16 21:48:04  /paimai/lepai/index.php?act=adminTheme&op=add_goods&themeid=2
2017-10-16 21:48:18  /paimai/lepai/index.php?act=adminTheme&op=add_goods&themeid=2
2017-10-16 21:48:29  /paimai/lepai/index.php?act=adminTheme&op=theme_update&id=2
2017-10-16 21:48:30  /paimai/lepai/index.php?act=adminTheme&op=theme_update&id=2
2017-10-16 21:48:32  /paimai/lepai/index.php?act=adminTheme&op=index
2017-10-16 21:48:32  /paimai/lepai/index.php?act=adminTheme&op=index
2017-10-16 21:48:38  /paimai/lepai/index.php?act=adminTheme&op=push_tisheng&type=1&id=2
2017-10-16 21:48:41  /paimai/lepai/index.php?act=adminTheme&op=index
2017-10-16 21:48:42  /paimai/lepai/index.php?act=adminTheme&op=index
2017-10-16 21:48:55  /paimai/admin/
2017-10-16 21:48:56  /paimai/admin/index.php?act=login&op=login
2017-10-16 21:48:57  /paimai/admin/index.php?act=seccode&op=makecode&admin=1&nchash=6abe3f35
2017-10-16 21:49:06  /paimai/admin/index.php?act=login&op=login
2017-10-16 21:49:06  /paimai/admin/index.php
2017-10-16 21:49:07  /paimai/admin/index.php?act=lepai&op=index
2017-10-16 21:49:09  /paimai/admin/index.php?act=lepai&op=index
2017-10-16 21:49:13  /paimai/admin/index.php?act=lepai&op=theme
2017-10-16 21:49:17  /paimai/admin/index.php?act=lepai&op=upTheme&id=2
2017-10-16 21:49:24  /paimai/admin/index.php?act=lepai&op=doUpTheme
2017-10-16 21:49:26  /paimai/admin/index.php?act=lepai&op=upTheme&id=2
2017-10-16 21:49:28  /paimai/admin/index.php?act=lepai&op=index
2017-10-16 21:49:30  /paimai/admin/index.php?act=lepai&op=theme
2017-10-16 21:49:44  /paimai/lepai/index.php?act=adminTheme&op=index
2017-10-16 21:49:45  /paimai/lepai/index.php?act=adminTheme&op=index
2017-10-16 21:49:58  /paimai/lepai/
2017-10-16 21:50:00  /paimai/lepai/index.php?act=member_security&op=ajaxGetWxewm&_=1508161799992
2017-10-16 21:50:14  /paimai/admin/index.php?act=lepai&op=pushTheme&themeid=2
2017-10-16 21:50:16  /paimai/admin/index.php?act=lepai&op=theme
2017-10-16 21:50:21  /paimai/admin/index.php?act=goods_class&op=goods_class
2017-10-16 21:50:23  /paimai/admin/index.php?act=goods&op=goods
2017-10-16 21:50:26  /paimai/admin/index.php?act=goods&op=goods
2017-10-16 21:50:35  /paimai/admin/index.php?act=goods&op=goods&type=waitverify
2017-10-16 21:50:38  /paimai/admin/index.php?act=operation&op=setting
2017-10-16 21:50:40  /paimai/admin/index.php?act=lepai&op=index
2017-10-16 21:50:43  /paimai/admin/index.php?act=lepai&op=goods
2017-10-16 21:51:01  /paimai/admin/index.php?act=lepai&op=goods&curpage=2
2017-10-16 21:51:05  /paimai/admin/index.php?act=lepai&op=ChuJiaLog&goodsid=2
2017-10-16 21:51:07  /paimai/admin/index.php?act=lepai&op=goods&curpage=2
2017-10-16 21:51:09  /paimai/admin/index.php?act=lepai&op=upGoods&goodsid=2
2017-10-16 21:51:16  /paimai/admin/index.php?act=lepai&op=doUpGoods
2017-10-16 21:51:18  /paimai/admin/index.php?act=lepai&op=upGoods&goodsid=2
2017-10-16 21:51:20  /paimai/admin/index.php?act=lepai&op=index
2017-10-16 21:51:23  /paimai/admin/index.php?act=lepai&op=goods
2017-10-16 21:51:26  /paimai/admin/index.php?act=lepai&op=upGoods&goodsid=13
2017-10-16 21:51:30  /paimai/admin/index.php?act=lepai&op=doUpGoods
2017-10-16 21:51:32  /paimai/admin/index.php?act=lepai&op=upGoods&goodsid=13
2017-10-16 21:51:33  /paimai/admin/index.php?act=lepai&op=index
2017-10-16 21:51:35  /paimai/admin/index.php?act=lepai&op=theme
2017-10-16 21:51:37  /paimai/admin/index.php?act=lepai&op=goods
2017-10-16 21:51:58  /paimai/admin/index.php?act=lepai&op=upGoods&goodsid=12
2017-10-16 21:53:01  /paimai/admin/index.php?act=lepai&op=doUpGoods
2017-10-16 21:53:03  /paimai/admin/index.php?act=lepai&op=upGoods&goodsid=12
2017-10-16 21:53:38  /paimai/admin/index.php?act=lepai&op=index
2017-10-16 21:56:08  /paimai/admin/index.php?act=lepai&op=goods
2017-10-16 21:56:11  /paimai/admin/index.php?act=lepai&op=upGoods&goodsid=11
2017-10-16 21:56:14  /paimai/admin/index.php?act=lepai&op=doUpGoods
2017-10-16 21:56:30  /paimai/admin/index.php?act=lepai&op=index
2017-10-16 21:57:03  /paimai/admin/index.php?act=lepai&op=goods
2017-10-16 21:57:05  /paimai/admin/index.php?act=lepai&op=upGoods&goodsid=10
2017-10-16 21:57:08  /paimai/admin/index.php?act=lepai&op=doUpGoods
2017-10-16 21:57:11  /paimai/admin/index.php?act=lepai&op=goods
2017-10-16 21:57:18  /paimai/admin/index.php?act=lepai&op=upGoods&goodsid=9
2017-10-16 21:57:22  /paimai/admin/index.php?act=lepai&op=doUpGoods
2017-10-16 21:57:23  /paimai/admin/index.php?act=lepai&op=goods
2017-10-16 21:57:27  /paimai/admin/index.php?act=lepai&op=upGoods&goodsid=8
2017-10-16 21:57:30  /paimai/admin/index.php?act=lepai&op=doUpGoods
2017-10-16 21:57:31  /paimai/admin/index.php?act=lepai&op=goods
2017-10-16 21:57:36  /paimai/admin/index.php?act=lepai&op=upGoods&goodsid=7
2017-10-16 21:57:39  /paimai/admin/index.php?act=lepai&op=doUpGoods
2017-10-16 21:57:42  /paimai/admin/index.php?act=lepai&op=goods
2017-10-16 21:57:45  /paimai/admin/index.php?act=lepai&op=upGoods&goodsid=6
2017-10-16 21:57:50  /paimai/admin/index.php?act=lepai&op=doUpGoods
2017-10-16 21:57:52  /paimai/admin/index.php?act=lepai&op=goods
2017-10-16 21:57:55  /paimai/admin/index.php?act=lepai&op=upGoods&goodsid=5
2017-10-16 21:57:59  /paimai/admin/index.php?act=lepai&op=doUpGoods
2017-10-16 21:58:01  /paimai/admin/index.php?act=lepai&op=goods
2017-10-16 21:58:04  /paimai/admin/index.php?act=lepai&op=upGoods&goodsid=4
2017-10-16 21:58:07  /paimai/admin/index.php?act=lepai&op=doUpGoods
2017-10-16 21:58:08  /paimai/admin/index.php?act=lepai&op=goods
2017-10-16 21:58:10  /paimai/admin/index.php?act=lepai&op=goods&curpage=2
2017-10-16 21:58:15  /paimai/admin/index.php?act=lepai&op=theme
2017-10-16 21:58:19  /paimai/admin/index.php?act=lepai&op=pushTheme&themeid=2
2017-10-16 21:58:21  /paimai/admin/index.php?act=lepai&op=theme
2017-10-16 21:58:27  /paimai/lepai/index.php?act=adminTheme&op=index
2017-10-16 21:58:27  /paimai/lepai/index.php?act=adminTheme&op=index
2017-10-16 21:58:31  /paimai/lepai/
2017-10-16 21:58:40  /paimai/lepai/index.php?act=index&op=theme&tid=2
2017-10-16 21:58:49  /paimai/lepai/index.php?act=index&op=auction&id=13
2017-10-16 21:58:50  /paimai/lepai/index.php?act=index&op=ajaxChuJiaLog&id=13&pagenum=1
2017-10-16 22:00:00  /paimai/lepai/index.php?act=index&op=ajaxbaoming
2017-10-16 22:00:03  /paimai/lepai/index.php?act=index&op=auction&id=13
2017-10-16 22:00:05  /paimai/lepai/index.php?act=index&op=ajaxChuJiaLog&id=13&pagenum=1
2017-10-16 22:00:23  /paimai/lepai/index.php?act=index&op=ajaxweituo
2017-10-16 22:00:24  /paimai/lepai/index.php?act=index&op=auction&id=13
2017-10-16 22:00:25  /paimai/lepai/index.php?act=index&op=ajaxChuJiaLog&id=13&pagenum=1
2017-10-16 22:00:55  /paimai/lepai/index.php?act=adminReport&op=index
2017-10-16 22:00:56  /paimai/lepai/index.php?act=adminReport&op=index
2017-10-16 22:00:57  /paimai/lepai/index.php?act=adminOrder&op=index
2017-10-16 22:00:57  /paimai/lepai/index.php?act=adminOrder&op=index
2017-10-16 22:01:04  /paimai/admin/index.php?act=lepai&op=order
2017-10-16 22:01:06  /paimai/admin/index.php?act=lepai&op=goods
2017-10-16 22:01:09  /paimai/admin/index.php?act=lepai&op=ChuJiaLog&goodsid=13
2017-10-16 22:01:13  /paimai/admin/index.php?act=lepai&op=BaoMingLog&goodsid=13
2017-10-16 22:01:18  /paimai/admin/index.php?act=lepai&op=goods
2017-10-16 22:48:43  /paimai/admin/
2017-10-16 22:48:45  /paimai/admin/index.php?act=lepai&op=index
2017-10-16 22:48:49  /paimai/admin/index.php?act=article_class&op=article_class
2017-10-16 22:48:52  /paimai/admin/index.php?act=order&op=index
2017-10-16 22:48:56  /paimai/admin/index.php?act=lepai_order&op=index
2017-10-16 22:48:57  /paimai/admin/index.php?act=goods_class&op=goods_class
2017-10-16 22:48:59  /paimai/admin/index.php?act=dashboard&op=welcome
2017-10-16 22:49:00  /paimai/admin/index.php?act=dashboard&op=statistics
2017-10-16 22:49:01  /paimai/admin/index.php?act=setting&op=base
2017-10-16 22:49:02  /paimai/admin/index.php?act=payment&op=system
2017-10-16 22:49:06  /paimai/admin/index.php?act=payment&op=edit&payment_id=2
